2025-05-22 08:57:11.517 [http-nio-8099-exec-1] ERROR c.t.s.Handler.ExceptionHandler - 運行時異常 => 
### Error querying database.  Cause: org.h2.jdbc.JdbcSQLSyntaxErrorException: Ambiguous column name "SYSTEMCODE"; SQL statement:
SELECT
            *
        FROM
        SYSTEM_CODE_LIST_RESULT R
        LEFT JOIN SYSTEM_CODE_LIST_DETAIL D ON R.SYSTEMCODE = D.SYSTEMCODE
        WHERE
        1 = 1
        AND SYSTEMCODE = ? [90059-232]
### The error may exist in file [C:\Users\7119\IdeaProjects\springBootWork\target\classes\mapper\SystemCodeResultMapper.xml]
### The error may involve getEmployeeDetailByResult
### The error occurred while executing a query
### SQL: SELECT             *         FROM         SYSTEM_CODE_LIST_RESULT R         LEFT JOIN SYSTEM_CODE_LIST_DETAIL D ON R.SYSTEMCODE = D.SYSTEMCODE         WHERE         1 = 1         AND SYSTEMCODE = ?
### Cause: org.h2.jdbc.JdbcSQLSyntaxErrorException: Ambiguous column name "SYSTEMCODE"; SQL statement:
SELECT
            *
        FROM
        SYSTEM_CODE_LIST_RESULT R
        LEFT JOIN SYSTEM_CODE_LIST_DETAIL D ON R.SYSTEMCODE = D.SYSTEMCODE
        WHERE
        1 = 1
        AND SYSTEMCODE = ? [90059-232]
; bad SQL grammar []
2025-05-22 09:07:09.750 [http-nio-8099-exec-2] ERROR c.t.s.Handler.ExceptionHandler - 運行時異常 => 
### Error querying database.  Cause: org.apache.ibatis.reflection.ReflectionException: Could not set property 'systemCode' of 'class com.tv.springbootwork.model.EmployeeDetailDTO' with value 'SYS001' Cause: org.apache.ibatis.reflection.ReflectionException: There is no setter for property named 'systemCode' in 'class com.tv.springbootwork.model.EmployeeDetailDTO'
### The error may exist in file [C:\Users\7119\IdeaProjects\springBootWork\target\classes\mapper\SystemCodeResultMapper.xml]
### The error may involve getEmployeeResult
### The error occurred while handling results
### SQL: SELECT             SYSTEMCODE,             SYSTEMDESC             STATUS         FROM             SYSTEM_CODE_LIST_RESULT         WHERE             1 = 1                               AND SYSTEMCODE = ?                                             AND SYSTEMDESC = ?                                             AND STATUS = ?
### Cause: org.apache.ibatis.reflection.ReflectionException: Could not set property 'systemCode' of 'class com.tv.springbootwork.model.EmployeeDetailDTO' with value 'SYS001' Cause: org.apache.ibatis.reflection.ReflectionException: There is no setter for property named 'systemCode' in 'class com.tv.springbootwork.model.EmployeeDetailDTO'
2025-05-22 09:08:40.362 [http-nio-8099-exec-1] ERROR c.t.s.Handler.ExceptionHandler - 運行時異常 => 
### Error querying database.  Cause: org.apache.ibatis.reflection.ReflectionException: Could not set property 'status' of 'class com.tv.springbootwork.model.EmployeeDetailDTO' with value '人資管理系統' Cause: org.apache.ibatis.reflection.ReflectionException: There is no setter for property named 'status' in 'class com.tv.springbootwork.model.EmployeeDetailDTO'
### The error may exist in file [C:\Users\7119\IdeaProjects\springBootWork\target\classes\mapper\SystemCodeResultMapper.xml]
### The error may involve getEmployeeResult
### The error occurred while handling results
### SQL: SELECT             SYSTEMCODE,             SYSTEMDESC             STATUS         FROM             SYSTEM_CODE_LIST_RESULT         WHERE             1 = 1                               AND SYSTEMCODE = ?                                             AND SYSTEMDESC = ?                                             AND STATUS = ?
### Cause: org.apache.ibatis.reflection.ReflectionException: Could not set property 'status' of 'class com.tv.springbootwork.model.EmployeeDetailDTO' with value '人資管理系統' Cause: org.apache.ibatis.reflection.ReflectionException: There is no setter for property named 'status' in 'class com.tv.springbootwork.model.EmployeeDetailDTO'
2025-05-22 09:14:30.322 [http-nio-8099-exec-1] ERROR c.t.s.Handler.ExceptionHandler - 運行時異常 => class com.tv.springbootwork.model.EmployeeDetailDTO cannot be cast to class com.tv.springbootwork.model.EmployeeResultDTO (com.tv.springbootwork.model.EmployeeDetailDTO and com.tv.springbootwork.model.EmployeeResultDTO are in unnamed module of loader 'app')
2025-05-22 09:21:42.128 [http-nio-8099-exec-4] ERROR c.t.s.Handler.ExceptionHandler - 運行時異常 => class com.tv.springbootwork.model.EmployeeDetailDTO cannot be cast to class com.tv.springbootwork.model.EmployeeResultDTO (com.tv.springbootwork.model.EmployeeDetailDTO and com.tv.springbootwork.model.EmployeeResultDTO are in unnamed module of loader 'app')
2025-05-22 09:23:57.346 [http-nio-8099-exec-1] ERROR c.t.s.Handler.ExceptionHandler - 運行時異常 => class com.tv.springbootwork.model.EmployeeDetailDTO cannot be cast to class com.tv.springbootwork.model.EmployeeResultDTO (com.tv.springbootwork.model.EmployeeDetailDTO and com.tv.springbootwork.model.EmployeeResultDTO are in unnamed module of loader 'app')
2025-05-22 09:25:23.051 [http-nio-8099-exec-2] ERROR c.t.s.Handler.ExceptionHandler - 運行時異常 => class com.tv.springbootwork.model.EmployeeDetailDTO cannot be cast to class com.tv.springbootwork.model.EmployeeResultDTO (com.tv.springbootwork.model.EmployeeDetailDTO and com.tv.springbootwork.model.EmployeeResultDTO are in unnamed module of loader 'app')
2025-05-22 09:27:56.863 [http-nio-8099-exec-3] ERROR c.t.s.Handler.ExceptionHandler - 運行時異常 => 
### Error updating database.  Cause: org.h2.jdbc.JdbcSQLSyntaxErrorException: Column "RESULTUUID" not found; SQL statement:
INSERT INTO SYSTEM_CODE_LIST_RESULT (
            RESULTUUID, SYSTEMCODE, SYSTEMDESC, STATUS
        ) VALUES (
                     ?, ?, ?, ?
                 ) [42122-232]
### The error may exist in file [C:\Users\7119\IdeaProjects\springBootWork\target\classes\mapper\SystemCodeResultMapper.xml]
### The error may involve com.tv.springbootwork.mapper.EmployeeMapper.insertResult
### The error occurred while executing an update
### SQL: INSERT INTO SYSTEM_CODE_LIST_RESULT (             RESULTUUID, SYSTEMCODE, SYSTEMDESC, STATUS         ) VALUES (                      ?, ?, ?, ?                  )
### Cause: org.h2.jdbc.JdbcSQLSyntaxErrorException: Column "RESULTUUID" not found; SQL statement:
INSERT INTO SYSTEM_CODE_LIST_RESULT (
            RESULTUUID, SYSTEMCODE, SYSTEMDESC, STATUS
        ) VALUES (
                     ?, ?, ?, ?
                 ) [42122-232]
; bad SQL grammar []
2025-05-22 11:32:29.423 [http-nio-8099-exec-3] ERROR c.t.s.Handler.ExceptionHandler - API錯誤 => 資料不存在
2025-05-22 11:35:16.562 [http-nio-8099-exec-3] ERROR c.t.s.Handler.ExceptionHandler - API錯誤 => 資料不存在
2025-05-22 11:36:25.526 [http-nio-8099-exec-6] ERROR c.t.s.Handler.ExceptionHandler - API錯誤 => No Data
2025-05-22 12:01:13.342 [http-nio-8099-exec-8] ERROR c.t.s.Handler.ExceptionHandler - 運行時異常 => No primary or single unique constructor found for interface java.util.List
2025-05-22 12:02:37.443 [http-nio-8099-exec-4] ERROR c.t.s.Handler.ExceptionHandler - 運行時異常 => No primary or single unique constructor found for interface java.util.List
2025-05-22 12:10:38.063 [http-nio-8099-exec-4] ERROR c.t.s.Handler.ExceptionHandler - 運行時異常 => JSON parse error: Cannot deserialize value of type `java.util.ArrayList<com.tv.springbootwork.controller.request.EmployeeRequestDelete>` from Object value (token `JsonToken.START_OBJECT`)
2025-05-22 14:16:38.727 [main] ERROR o.s.boot.SpringApplication - Application run failed
org.springframework.beans.factory.UnsatisfiedDependencyException: Error creating bean with name 'employeeController': Unsatisfied dependency expressed through field 'employeeService': Error creating bean with name 'employeeServiceImpl': Unsatisfied dependency expressed through field 'mapper': Error creating bean with name 'employeeMapper' defined in file [C:\Users\7119\IdeaProjects\springBootWork\target\classes\com\tv\springbootwork\mapper\EmployeeMapper.class]: Unsatisfied dependency expressed through bean property 'sqlSessionTemplate': Error creating bean with name 'dataSourceScriptDatabaseInitializer' defined in class path resource [org/springframework/boot/autoconfigure/sql/init/DataSourceInitializationConfiguration.class]: Failed to execute SQL script statement #1 of file [C:\Users\7119\IdeaProjects\springBootWork\target\classes\schema.sql]: CREATE TABLE DEPARTMENT ( DEPARTMENT_ID VARCHAR(36) PRIMARY KEY NOT NULL, DEPARTMENT_NAME VARCHAR(100) , )
	at org.springframework.beans.factory.annotation.AutowiredAnnotationBeanPostProcessor$AutowiredFieldElement.resolveFieldValue(AutowiredAnnotationBeanPostProcessor.java:788)
	at org.springframework.beans.factory.annotation.AutowiredAnnotationBeanPostProcessor$AutowiredFieldElement.inject(AutowiredAnnotationBeanPostProcessor.java:768)
	at org.springframework.beans.factory.annotation.InjectionMetadata.inject(InjectionMetadata.java:146)
	at org.springframework.beans.factory.annotation.AutowiredAnnotationBeanPostProcessor.postProcessProperties(AutowiredAnnotationBeanPostProcessor.java:509)
	at org.springframework.beans.factory.support.AbstractAutowireCapableBeanFactory.populateBean(AbstractAutowireCapableBeanFactory.java:1451)
	at org.springframework.beans.factory.support.AbstractAutowireCapableBeanFactory.doCreateBean(AbstractAutowireCapableBeanFactory.java:606)
	at org.springframework.beans.factory.support.AbstractAutowireCapableBeanFactory.createBean(AbstractAutowireCapableBeanFactory.java:529)
	at org.springframework.beans.factory.support.AbstractBeanFactory.lambda$doGetBean$0(AbstractBeanFactory.java:339)
	at org.springframework.beans.factory.support.DefaultSingletonBeanRegistry.getSingleton(DefaultSingletonBeanRegistry.java:371)
	at org.springframework.beans.factory.support.AbstractBeanFactory.doGetBean(AbstractBeanFactory.java:337)
	at org.springframework.beans.factory.support.AbstractBeanFactory.getBean(AbstractBeanFactory.java:202)
	at org.springframework.beans.factory.support.DefaultListableBeanFactory.instantiateSingleton(DefaultListableBeanFactory.java:1221)
	at org.springframework.beans.factory.support.DefaultListableBeanFactory.preInstantiateSingleton(DefaultListableBeanFactory.java:1187)
	at org.springframework.beans.factory.support.DefaultListableBeanFactory.preInstantiateSingletons(DefaultListableBeanFactory.java:1122)
	at org.springframework.context.support.AbstractApplicationContext.finishBeanFactoryInitialization(AbstractApplicationContext.java:987)
	at org.springframework.context.support.AbstractApplicationContext.refresh(AbstractApplicationContext.java:627)
	at org.springframework.boot.web.servlet.context.ServletWebServerApplicationContext.refresh(ServletWebServerApplicationContext.java:146)
	at org.springframework.boot.SpringApplication.refresh(SpringApplication.java:753)
	at org.springframework.boot.SpringApplication.refreshContext(SpringApplication.java:439)
	at org.springframework.boot.SpringApplication.run(SpringApplication.java:318)
	at org.springframework.boot.SpringApplication.run(SpringApplication.java:1362)
	at org.springframework.boot.SpringApplication.run(SpringApplication.java:1351)
	at com.tv.springbootwork.SpringBootWorkApplication.main(SpringBootWorkApplication.java:12)
Caused by: org.springframework.beans.factory.UnsatisfiedDependencyException: Error creating bean with name 'employeeServiceImpl': Unsatisfied dependency expressed through field 'mapper': Error creating bean with name 'employeeMapper' defined in file [C:\Users\7119\IdeaProjects\springBootWork\target\classes\com\tv\springbootwork\mapper\EmployeeMapper.class]: Unsatisfied dependency expressed through bean property 'sqlSessionTemplate': Error creating bean with name 'dataSourceScriptDatabaseInitializer' defined in class path resource [org/springframework/boot/autoconfigure/sql/init/DataSourceInitializationConfiguration.class]: Failed to execute SQL script statement #1 of file [C:\Users\7119\IdeaProjects\springBootWork\target\classes\schema.sql]: CREATE TABLE DEPARTMENT ( DEPARTMENT_ID VARCHAR(36) PRIMARY KEY NOT NULL, DEPARTMENT_NAME VARCHAR(100) , )
	at org.springframework.beans.factory.annotation.AutowiredAnnotationBeanPostProcessor$AutowiredFieldElement.resolveFieldValue(AutowiredAnnotationBeanPostProcessor.java:788)
	at org.springframework.beans.factory.annotation.AutowiredAnnotationBeanPostProcessor$AutowiredFieldElement.inject(AutowiredAnnotationBeanPostProcessor.java:768)
	at org.springframework.beans.factory.annotation.InjectionMetadata.inject(InjectionMetadata.java:146)
	at org.springframework.beans.factory.annotation.AutowiredAnnotationBeanPostProcessor.postProcessProperties(AutowiredAnnotationBeanPostProcessor.java:509)
	at org.springframework.beans.factory.support.AbstractAutowireCapableBeanFactory.populateBean(AbstractAutowireCapableBeanFactory.java:1451)
	at org.springframework.beans.factory.support.AbstractAutowireCapableBeanFactory.doCreateBean(AbstractAutowireCapableBeanFactory.java:606)
	at org.springframework.beans.factory.support.AbstractAutowireCapableBeanFactory.createBean(AbstractAutowireCapableBeanFactory.java:529)
	at org.springframework.beans.factory.support.AbstractBeanFactory.lambda$doGetBean$0(AbstractBeanFactory.java:339)
	at org.springframework.beans.factory.support.DefaultSingletonBeanRegistry.getSingleton(DefaultSingletonBeanRegistry.java:371)
	at org.springframework.beans.factory.support.AbstractBeanFactory.doGetBean(AbstractBeanFactory.java:337)
	at org.springframework.beans.factory.support.AbstractBeanFactory.getBean(AbstractBeanFactory.java:202)
	at org.springframework.beans.factory.config.DependencyDescriptor.resolveCandidate(DependencyDescriptor.java:254)
	at org.springframework.beans.factory.support.DefaultListableBeanFactory.doResolveDependency(DefaultListableBeanFactory.java:1739)
	at org.springframework.beans.factory.support.DefaultListableBeanFactory.resolveDependency(DefaultListableBeanFactory.java:1627)
	at org.springframework.beans.factory.annotation.AutowiredAnnotationBeanPostProcessor$AutowiredFieldElement.resolveFieldValue(AutowiredAnnotationBeanPostProcessor.java:785)
	... 22 common frames omitted
Caused by: org.springframework.beans.factory.UnsatisfiedDependencyException: Error creating bean with name 'employeeMapper' defined in file [C:\Users\7119\IdeaProjects\springBootWork\target\classes\com\tv\springbootwork\mapper\EmployeeMapper.class]: Unsatisfied dependency expressed through bean property 'sqlSessionTemplate': Error creating bean with name 'dataSourceScriptDatabaseInitializer' defined in class path resource [org/springframework/boot/autoconfigure/sql/init/DataSourceInitializationConfiguration.class]: Failed to execute SQL script statement #1 of file [C:\Users\7119\IdeaProjects\springBootWork\target\classes\schema.sql]: CREATE TABLE DEPARTMENT ( DEPARTMENT_ID VARCHAR(36) PRIMARY KEY NOT NULL, DEPARTMENT_NAME VARCHAR(100) , )
	at org.springframework.beans.factory.support.AbstractAutowireCapableBeanFactory.autowireByType(AbstractAutowireCapableBeanFactory.java:1548)
	at org.springframework.beans.factory.support.AbstractAutowireCapableBeanFactory.populateBean(AbstractAutowireCapableBeanFactory.java:1442)
	at org.springframework.beans.factory.support.AbstractAutowireCapableBeanFactory.doCreateBean(AbstractAutowireCapableBeanFactory.java:606)
	at org.springframework.beans.factory.support.AbstractAutowireCapableBeanFactory.createBean(AbstractAutowireCapableBeanFactory.java:529)
	at org.springframework.beans.factory.support.AbstractBeanFactory.lambda$doGetBean$0(AbstractBeanFactory.java:339)
	at org.springframework.beans.factory.support.DefaultSingletonBeanRegistry.getSingleton(DefaultSingletonBeanRegistry.java:371)
	at org.springframework.beans.factory.support.AbstractBeanFactory.doGetBean(AbstractBeanFactory.java:337)
	at org.springframework.beans.factory.support.AbstractBeanFactory.getBean(AbstractBeanFactory.java:202)
	at org.springframework.beans.factory.config.DependencyDescriptor.resolveCandidate(DependencyDescriptor.java:254)
	at org.springframework.beans.factory.support.DefaultListableBeanFactory.doResolveDependency(DefaultListableBeanFactory.java:1739)
	at org.springframework.beans.factory.support.DefaultListableBeanFactory.resolveDependency(DefaultListableBeanFactory.java:1627)
	at org.springframework.beans.factory.annotation.AutowiredAnnotationBeanPostProcessor$AutowiredFieldElement.resolveFieldValue(AutowiredAnnotationBeanPostProcessor.java:785)
	... 36 common frames omitted
Caused by: org.springframework.beans.factory.BeanCreationException: Error creating bean with name 'dataSourceScriptDatabaseInitializer' defined in class path resource [org/springframework/boot/autoconfigure/sql/init/DataSourceInitializationConfiguration.class]: Failed to execute SQL script statement #1 of file [C:\Users\7119\IdeaProjects\springBootWork\target\classes\schema.sql]: CREATE TABLE DEPARTMENT ( DEPARTMENT_ID VARCHAR(36) PRIMARY KEY NOT NULL, DEPARTMENT_NAME VARCHAR(100) , )
	at org.springframework.beans.factory.support.AbstractAutowireCapableBeanFactory.initializeBean(AbstractAutowireCapableBeanFactory.java:1818)
	at org.springframework.beans.factory.support.AbstractAutowireCapableBeanFactory.doCreateBean(AbstractAutowireCapableBeanFactory.java:607)
	at org.springframework.beans.factory.support.AbstractAutowireCapableBeanFactory.createBean(AbstractAutowireCapableBeanFactory.java:529)
	at org.springframework.beans.factory.support.AbstractBeanFactory.lambda$doGetBean$0(AbstractBeanFactory.java:339)
	at org.springframework.beans.factory.support.DefaultSingletonBeanRegistry.getSingleton(DefaultSingletonBeanRegistry.java:371)
	at org.springframework.beans.factory.support.AbstractBeanFactory.doGetBean(AbstractBeanFactory.java:337)
	at org.springframework.beans.factory.support.AbstractBeanFactory.getBean(AbstractBeanFactory.java:202)
	at org.springframework.beans.factory.support.AbstractBeanFactory.doGetBean(AbstractBeanFactory.java:315)
	at org.springframework.beans.factory.support.AbstractBeanFactory.getBean(AbstractBeanFactory.java:202)
	at org.springframework.beans.factory.config.DependencyDescriptor.resolveCandidate(DependencyDescriptor.java:254)
	at org.springframework.beans.factory.support.DefaultListableBeanFactory.doResolveDependency(DefaultListableBeanFactory.java:1739)
	at org.springframework.beans.factory.support.DefaultListableBeanFactory.resolveDependency(DefaultListableBeanFactory.java:1627)
	at org.springframework.beans.factory.support.AbstractAutowireCapableBeanFactory.autowireByType(AbstractAutowireCapableBeanFactory.java:1533)
	... 47 common frames omitted
Caused by: org.springframework.jdbc.datasource.init.ScriptStatementFailedException: Failed to execute SQL script statement #1 of file [C:\Users\7119\IdeaProjects\springBootWork\target\classes\schema.sql]: CREATE TABLE DEPARTMENT ( DEPARTMENT_ID VARCHAR(36) PRIMARY KEY NOT NULL, DEPARTMENT_NAME VARCHAR(100) , )
	at org.springframework.jdbc.datasource.init.ScriptUtils.executeSqlScript(ScriptUtils.java:282)
	at org.springframework.jdbc.datasource.init.ResourceDatabasePopulator.populate(ResourceDatabasePopulator.java:254)
	at org.springframework.jdbc.datasource.init.DatabasePopulatorUtils.execute(DatabasePopulatorUtils.java:54)
	at org.springframework.boot.jdbc.init.DataSourceScriptDatabaseInitializer.runScripts(DataSourceScriptDatabaseInitializer.java:87)
	at org.springframework.boot.sql.init.AbstractScriptDatabaseInitializer.runScripts(AbstractScriptDatabaseInitializer.java:146)
	at org.springframework.boot.sql.init.AbstractScriptDatabaseInitializer.applyScripts(AbstractScriptDatabaseInitializer.java:108)
	at org.springframework.boot.sql.init.AbstractScriptDatabaseInitializer.applySchemaScripts(AbstractScriptDatabaseInitializer.java:98)
	at org.springframework.boot.sql.init.AbstractScriptDatabaseInitializer.initializeDatabase(AbstractScriptDatabaseInitializer.java:76)
	at org.springframework.boot.sql.init.AbstractScriptDatabaseInitializer.afterPropertiesSet(AbstractScriptDatabaseInitializer.java:66)
	at org.springframework.beans.factory.support.AbstractAutowireCapableBeanFactory.invokeInitMethods(AbstractAutowireCapableBeanFactory.java:1865)
	at org.springframework.beans.factory.support.AbstractAutowireCapableBeanFactory.initializeBean(AbstractAutowireCapableBeanFactory.java:1814)
	... 59 common frames omitted
Caused by: org.h2.jdbc.JdbcSQLSyntaxErrorException: Syntax error in SQL statement "CREATE TABLE DEPARTMENT ( DEPARTMENT_ID VARCHAR(36) PRIMARY KEY NOT NULL, DEPARTMENT_NAME VARCHAR(100) , [*])"; expected "identifier"; SQL statement:
CREATE TABLE DEPARTMENT ( DEPARTMENT_ID VARCHAR(36) PRIMARY KEY NOT NULL, DEPARTMENT_NAME VARCHAR(100) , ) [42001-232]
	at org.h2.message.DbException.getJdbcSQLException(DbException.java:514)
	at org.h2.message.DbException.getJdbcSQLException(DbException.java:489)
	at org.h2.message.DbException.getSyntaxError(DbException.java:261)
	at org.h2.command.Parser.readIdentifier(Parser.java:5527)
	at org.h2.command.Parser.parseTableColumnDefinition(Parser.java:8871)
	at org.h2.command.Parser.parseCreateTable(Parser.java:8819)
	at org.h2.command.Parser.parseCreate(Parser.java:6398)
	at org.h2.command.Parser.parsePrepared(Parser.java:645)
	at org.h2.command.Parser.parse(Parser.java:581)
	at org.h2.command.Parser.parse(Parser.java:556)
	at org.h2.command.Parser.prepareCommand(Parser.java:484)
	at org.h2.engine.SessionLocal.prepareLocal(SessionLocal.java:645)
	at org.h2.engine.SessionLocal.prepareCommand(SessionLocal.java:561)
	at org.h2.jdbc.JdbcConnection.prepareCommand(JdbcConnection.java:1164)
	at org.h2.jdbc.JdbcStatement.executeInternal(JdbcStatement.java:245)
	at org.h2.jdbc.JdbcStatement.execute(JdbcStatement.java:231)
	at com.zaxxer.hikari.pool.ProxyStatement.execute(ProxyStatement.java:94)
	at com.zaxxer.hikari.pool.HikariProxyStatement.execute(HikariProxyStatement.java)
	at org.springframework.jdbc.datasource.init.ScriptUtils.executeSqlScript(ScriptUtils.java:261)
	... 69 common frames omitted
2025-05-22 14:17:04.830 [main] ERROR o.s.boot.SpringApplication - Application run failed
org.springframework.beans.factory.UnsatisfiedDependencyException: Error creating bean with name 'employeeController': Unsatisfied dependency expressed through field 'employeeService': Error creating bean with name 'employeeServiceImpl': Unsatisfied dependency expressed through field 'mapper': Error creating bean with name 'employeeMapper' defined in file [C:\Users\7119\IdeaProjects\springBootWork\target\classes\com\tv\springbootwork\mapper\EmployeeMapper.class]: Unsatisfied dependency expressed through bean property 'sqlSessionTemplate': Error creating bean with name 'dataSourceScriptDatabaseInitializer' defined in class path resource [org/springframework/boot/autoconfigure/sql/init/DataSourceInitializationConfiguration.class]: Failed to execute SQL script statement #1 of file [C:\Users\7119\IdeaProjects\springBootWork\target\classes\schema.sql]: CREATE TABLE DEPARTMENT ( DEPARTMENT_ID VARCHAR(36) PRIMARY KEY, DEPARTMENT_NAME VARCHAR(100) , )
	at org.springframework.beans.factory.annotation.AutowiredAnnotationBeanPostProcessor$AutowiredFieldElement.resolveFieldValue(AutowiredAnnotationBeanPostProcessor.java:788)
	at org.springframework.beans.factory.annotation.AutowiredAnnotationBeanPostProcessor$AutowiredFieldElement.inject(AutowiredAnnotationBeanPostProcessor.java:768)
	at org.springframework.beans.factory.annotation.InjectionMetadata.inject(InjectionMetadata.java:146)
	at org.springframework.beans.factory.annotation.AutowiredAnnotationBeanPostProcessor.postProcessProperties(AutowiredAnnotationBeanPostProcessor.java:509)
	at org.springframework.beans.factory.support.AbstractAutowireCapableBeanFactory.populateBean(AbstractAutowireCapableBeanFactory.java:1451)
	at org.springframework.beans.factory.support.AbstractAutowireCapableBeanFactory.doCreateBean(AbstractAutowireCapableBeanFactory.java:606)
	at org.springframework.beans.factory.support.AbstractAutowireCapableBeanFactory.createBean(AbstractAutowireCapableBeanFactory.java:529)
	at org.springframework.beans.factory.support.AbstractBeanFactory.lambda$doGetBean$0(AbstractBeanFactory.java:339)
	at org.springframework.beans.factory.support.DefaultSingletonBeanRegistry.getSingleton(DefaultSingletonBeanRegistry.java:371)
	at org.springframework.beans.factory.support.AbstractBeanFactory.doGetBean(AbstractBeanFactory.java:337)
	at org.springframework.beans.factory.support.AbstractBeanFactory.getBean(AbstractBeanFactory.java:202)
	at org.springframework.beans.factory.support.DefaultListableBeanFactory.instantiateSingleton(DefaultListableBeanFactory.java:1221)
	at org.springframework.beans.factory.support.DefaultListableBeanFactory.preInstantiateSingleton(DefaultListableBeanFactory.java:1187)
	at org.springframework.beans.factory.support.DefaultListableBeanFactory.preInstantiateSingletons(DefaultListableBeanFactory.java:1122)
	at org.springframework.context.support.AbstractApplicationContext.finishBeanFactoryInitialization(AbstractApplicationContext.java:987)
	at org.springframework.context.support.AbstractApplicationContext.refresh(AbstractApplicationContext.java:627)
	at org.springframework.boot.web.servlet.context.ServletWebServerApplicationContext.refresh(ServletWebServerApplicationContext.java:146)
	at org.springframework.boot.SpringApplication.refresh(SpringApplication.java:753)
	at org.springframework.boot.SpringApplication.refreshContext(SpringApplication.java:439)
	at org.springframework.boot.SpringApplication.run(SpringApplication.java:318)
	at org.springframework.boot.SpringApplication.run(SpringApplication.java:1362)
	at org.springframework.boot.SpringApplication.run(SpringApplication.java:1351)
	at com.tv.springbootwork.SpringBootWorkApplication.main(SpringBootWorkApplication.java:12)
Caused by: org.springframework.beans.factory.UnsatisfiedDependencyException: Error creating bean with name 'employeeServiceImpl': Unsatisfied dependency expressed through field 'mapper': Error creating bean with name 'employeeMapper' defined in file [C:\Users\7119\IdeaProjects\springBootWork\target\classes\com\tv\springbootwork\mapper\EmployeeMapper.class]: Unsatisfied dependency expressed through bean property 'sqlSessionTemplate': Error creating bean with name 'dataSourceScriptDatabaseInitializer' defined in class path resource [org/springframework/boot/autoconfigure/sql/init/DataSourceInitializationConfiguration.class]: Failed to execute SQL script statement #1 of file [C:\Users\7119\IdeaProjects\springBootWork\target\classes\schema.sql]: CREATE TABLE DEPARTMENT ( DEPARTMENT_ID VARCHAR(36) PRIMARY KEY, DEPARTMENT_NAME VARCHAR(100) , )
	at org.springframework.beans.factory.annotation.AutowiredAnnotationBeanPostProcessor$AutowiredFieldElement.resolveFieldValue(AutowiredAnnotationBeanPostProcessor.java:788)
	at org.springframework.beans.factory.annotation.AutowiredAnnotationBeanPostProcessor$AutowiredFieldElement.inject(AutowiredAnnotationBeanPostProcessor.java:768)
	at org.springframework.beans.factory.annotation.InjectionMetadata.inject(InjectionMetadata.java:146)
	at org.springframework.beans.factory.annotation.AutowiredAnnotationBeanPostProcessor.postProcessProperties(AutowiredAnnotationBeanPostProcessor.java:509)
	at org.springframework.beans.factory.support.AbstractAutowireCapableBeanFactory.populateBean(AbstractAutowireCapableBeanFactory.java:1451)
	at org.springframework.beans.factory.support.AbstractAutowireCapableBeanFactory.doCreateBean(AbstractAutowireCapableBeanFactory.java:606)
	at org.springframework.beans.factory.support.AbstractAutowireCapableBeanFactory.createBean(AbstractAutowireCapableBeanFactory.java:529)
	at org.springframework.beans.factory.support.AbstractBeanFactory.lambda$doGetBean$0(AbstractBeanFactory.java:339)
	at org.springframework.beans.factory.support.DefaultSingletonBeanRegistry.getSingleton(DefaultSingletonBeanRegistry.java:371)
	at org.springframework.beans.factory.support.AbstractBeanFactory.doGetBean(AbstractBeanFactory.java:337)
	at org.springframework.beans.factory.support.AbstractBeanFactory.getBean(AbstractBeanFactory.java:202)
	at org.springframework.beans.factory.config.DependencyDescriptor.resolveCandidate(DependencyDescriptor.java:254)
	at org.springframework.beans.factory.support.DefaultListableBeanFactory.doResolveDependency(DefaultListableBeanFactory.java:1739)
	at org.springframework.beans.factory.support.DefaultListableBeanFactory.resolveDependency(DefaultListableBeanFactory.java:1627)
	at org.springframework.beans.factory.annotation.AutowiredAnnotationBeanPostProcessor$AutowiredFieldElement.resolveFieldValue(AutowiredAnnotationBeanPostProcessor.java:785)
	... 22 common frames omitted
Caused by: org.springframework.beans.factory.UnsatisfiedDependencyException: Error creating bean with name 'employeeMapper' defined in file [C:\Users\7119\IdeaProjects\springBootWork\target\classes\com\tv\springbootwork\mapper\EmployeeMapper.class]: Unsatisfied dependency expressed through bean property 'sqlSessionTemplate': Error creating bean with name 'dataSourceScriptDatabaseInitializer' defined in class path resource [org/springframework/boot/autoconfigure/sql/init/DataSourceInitializationConfiguration.class]: Failed to execute SQL script statement #1 of file [C:\Users\7119\IdeaProjects\springBootWork\target\classes\schema.sql]: CREATE TABLE DEPARTMENT ( DEPARTMENT_ID VARCHAR(36) PRIMARY KEY, DEPARTMENT_NAME VARCHAR(100) , )
	at org.springframework.beans.factory.support.AbstractAutowireCapableBeanFactory.autowireByType(AbstractAutowireCapableBeanFactory.java:1548)
	at org.springframework.beans.factory.support.AbstractAutowireCapableBeanFactory.populateBean(AbstractAutowireCapableBeanFactory.java:1442)
	at org.springframework.beans.factory.support.AbstractAutowireCapableBeanFactory.doCreateBean(AbstractAutowireCapableBeanFactory.java:606)
	at org.springframework.beans.factory.support.AbstractAutowireCapableBeanFactory.createBean(AbstractAutowireCapableBeanFactory.java:529)
	at org.springframework.beans.factory.support.AbstractBeanFactory.lambda$doGetBean$0(AbstractBeanFactory.java:339)
	at org.springframework.beans.factory.support.DefaultSingletonBeanRegistry.getSingleton(DefaultSingletonBeanRegistry.java:371)
	at org.springframework.beans.factory.support.AbstractBeanFactory.doGetBean(AbstractBeanFactory.java:337)
	at org.springframework.beans.factory.support.AbstractBeanFactory.getBean(AbstractBeanFactory.java:202)
	at org.springframework.beans.factory.config.DependencyDescriptor.resolveCandidate(DependencyDescriptor.java:254)
	at org.springframework.beans.factory.support.DefaultListableBeanFactory.doResolveDependency(DefaultListableBeanFactory.java:1739)
	at org.springframework.beans.factory.support.DefaultListableBeanFactory.resolveDependency(DefaultListableBeanFactory.java:1627)
	at org.springframework.beans.factory.annotation.AutowiredAnnotationBeanPostProcessor$AutowiredFieldElement.resolveFieldValue(AutowiredAnnotationBeanPostProcessor.java:785)
	... 36 common frames omitted
Caused by: org.springframework.beans.factory.BeanCreationException: Error creating bean with name 'dataSourceScriptDatabaseInitializer' defined in class path resource [org/springframework/boot/autoconfigure/sql/init/DataSourceInitializationConfiguration.class]: Failed to execute SQL script statement #1 of file [C:\Users\7119\IdeaProjects\springBootWork\target\classes\schema.sql]: CREATE TABLE DEPARTMENT ( DEPARTMENT_ID VARCHAR(36) PRIMARY KEY, DEPARTMENT_NAME VARCHAR(100) , )
	at org.springframework.beans.factory.support.AbstractAutowireCapableBeanFactory.initializeBean(AbstractAutowireCapableBeanFactory.java:1818)
	at org.springframework.beans.factory.support.AbstractAutowireCapableBeanFactory.doCreateBean(AbstractAutowireCapableBeanFactory.java:607)
	at org.springframework.beans.factory.support.AbstractAutowireCapableBeanFactory.createBean(AbstractAutowireCapableBeanFactory.java:529)
	at org.springframework.beans.factory.support.AbstractBeanFactory.lambda$doGetBean$0(AbstractBeanFactory.java:339)
	at org.springframework.beans.factory.support.DefaultSingletonBeanRegistry.getSingleton(DefaultSingletonBeanRegistry.java:371)
	at org.springframework.beans.factory.support.AbstractBeanFactory.doGetBean(AbstractBeanFactory.java:337)
	at org.springframework.beans.factory.support.AbstractBeanFactory.getBean(AbstractBeanFactory.java:202)
	at org.springframework.beans.factory.support.AbstractBeanFactory.doGetBean(AbstractBeanFactory.java:315)
	at org.springframework.beans.factory.support.AbstractBeanFactory.getBean(AbstractBeanFactory.java:202)
	at org.springframework.beans.factory.config.DependencyDescriptor.resolveCandidate(DependencyDescriptor.java:254)
	at org.springframework.beans.factory.support.DefaultListableBeanFactory.doResolveDependency(DefaultListableBeanFactory.java:1739)
	at org.springframework.beans.factory.support.DefaultListableBeanFactory.resolveDependency(DefaultListableBeanFactory.java:1627)
	at org.springframework.beans.factory.support.AbstractAutowireCapableBeanFactory.autowireByType(AbstractAutowireCapableBeanFactory.java:1533)
	... 47 common frames omitted
Caused by: org.springframework.jdbc.datasource.init.ScriptStatementFailedException: Failed to execute SQL script statement #1 of file [C:\Users\7119\IdeaProjects\springBootWork\target\classes\schema.sql]: CREATE TABLE DEPARTMENT ( DEPARTMENT_ID VARCHAR(36) PRIMARY KEY, DEPARTMENT_NAME VARCHAR(100) , )
	at org.springframework.jdbc.datasource.init.ScriptUtils.executeSqlScript(ScriptUtils.java:282)
	at org.springframework.jdbc.datasource.init.ResourceDatabasePopulator.populate(ResourceDatabasePopulator.java:254)
	at org.springframework.jdbc.datasource.init.DatabasePopulatorUtils.execute(DatabasePopulatorUtils.java:54)
	at org.springframework.boot.jdbc.init.DataSourceScriptDatabaseInitializer.runScripts(DataSourceScriptDatabaseInitializer.java:87)
	at org.springframework.boot.sql.init.AbstractScriptDatabaseInitializer.runScripts(AbstractScriptDatabaseInitializer.java:146)
	at org.springframework.boot.sql.init.AbstractScriptDatabaseInitializer.applyScripts(AbstractScriptDatabaseInitializer.java:108)
	at org.springframework.boot.sql.init.AbstractScriptDatabaseInitializer.applySchemaScripts(AbstractScriptDatabaseInitializer.java:98)
	at org.springframework.boot.sql.init.AbstractScriptDatabaseInitializer.initializeDatabase(AbstractScriptDatabaseInitializer.java:76)
	at org.springframework.boot.sql.init.AbstractScriptDatabaseInitializer.afterPropertiesSet(AbstractScriptDatabaseInitializer.java:66)
	at org.springframework.beans.factory.support.AbstractAutowireCapableBeanFactory.invokeInitMethods(AbstractAutowireCapableBeanFactory.java:1865)
	at org.springframework.beans.factory.support.AbstractAutowireCapableBeanFactory.initializeBean(AbstractAutowireCapableBeanFactory.java:1814)
	... 59 common frames omitted
Caused by: org.h2.jdbc.JdbcSQLSyntaxErrorException: Syntax error in SQL statement "CREATE TABLE DEPARTMENT ( DEPARTMENT_ID VARCHAR(36) PRIMARY KEY, DEPARTMENT_NAME VARCHAR(100) , [*])"; expected "identifier"; SQL statement:
CREATE TABLE DEPARTMENT ( DEPARTMENT_ID VARCHAR(36) PRIMARY KEY, DEPARTMENT_NAME VARCHAR(100) , ) [42001-232]
	at org.h2.message.DbException.getJdbcSQLException(DbException.java:514)
	at org.h2.message.DbException.getJdbcSQLException(DbException.java:489)
	at org.h2.message.DbException.getSyntaxError(DbException.java:261)
	at org.h2.command.Parser.readIdentifier(Parser.java:5527)
	at org.h2.command.Parser.parseTableColumnDefinition(Parser.java:8871)
	at org.h2.command.Parser.parseCreateTable(Parser.java:8819)
	at org.h2.command.Parser.parseCreate(Parser.java:6398)
	at org.h2.command.Parser.parsePrepared(Parser.java:645)
	at org.h2.command.Parser.parse(Parser.java:581)
	at org.h2.command.Parser.parse(Parser.java:556)
	at org.h2.command.Parser.prepareCommand(Parser.java:484)
	at org.h2.engine.SessionLocal.prepareLocal(SessionLocal.java:645)
	at org.h2.engine.SessionLocal.prepareCommand(SessionLocal.java:561)
	at org.h2.jdbc.JdbcConnection.prepareCommand(JdbcConnection.java:1164)
	at org.h2.jdbc.JdbcStatement.executeInternal(JdbcStatement.java:245)
	at org.h2.jdbc.JdbcStatement.execute(JdbcStatement.java:231)
	at com.zaxxer.hikari.pool.ProxyStatement.execute(ProxyStatement.java:94)
	at com.zaxxer.hikari.pool.HikariProxyStatement.execute(HikariProxyStatement.java)
	at org.springframework.jdbc.datasource.init.ScriptUtils.executeSqlScript(ScriptUtils.java:261)
	... 69 common frames omitted
2025-05-22 14:17:34.911 [main] ERROR o.s.boot.SpringApplication - Application run failed
org.springframework.beans.factory.UnsatisfiedDependencyException: Error creating bean with name 'employeeController': Unsatisfied dependency expressed through field 'employeeService': Error creating bean with name 'employeeServiceImpl': Unsatisfied dependency expressed through field 'mapper': Error creating bean with name 'employeeMapper' defined in file [C:\Users\7119\IdeaProjects\springBootWork\target\classes\com\tv\springbootwork\mapper\EmployeeMapper.class]: Unsatisfied dependency expressed through bean property 'sqlSessionTemplate': Error creating bean with name 'dataSourceScriptDatabaseInitializer' defined in class path resource [org/springframework/boot/autoconfigure/sql/init/DataSourceInitializationConfiguration.class]: Failed to execute SQL script statement #1 of file [C:\Users\7119\IdeaProjects\springBootWork\target\classes\data.sql]: INSERT INTO DEPARTMENT (DEPARTMENT_ID, DEPARTMENT_NAME, TYPE) VALUES ('D001', '人資部', 'HR'), ('D002', '資訊部', 'IT'), ('D003', '財務部', 'FIN'), ('D004', '營運部', 'OPS')
	at org.springframework.beans.factory.annotation.AutowiredAnnotationBeanPostProcessor$AutowiredFieldElement.resolveFieldValue(AutowiredAnnotationBeanPostProcessor.java:788)
	at org.springframework.beans.factory.annotation.AutowiredAnnotationBeanPostProcessor$AutowiredFieldElement.inject(AutowiredAnnotationBeanPostProcessor.java:768)
	at org.springframework.beans.factory.annotation.InjectionMetadata.inject(InjectionMetadata.java:146)
	at org.springframework.beans.factory.annotation.AutowiredAnnotationBeanPostProcessor.postProcessProperties(AutowiredAnnotationBeanPostProcessor.java:509)
	at org.springframework.beans.factory.support.AbstractAutowireCapableBeanFactory.populateBean(AbstractAutowireCapableBeanFactory.java:1451)
	at org.springframework.beans.factory.support.AbstractAutowireCapableBeanFactory.doCreateBean(AbstractAutowireCapableBeanFactory.java:606)
	at org.springframework.beans.factory.support.AbstractAutowireCapableBeanFactory.createBean(AbstractAutowireCapableBeanFactory.java:529)
	at org.springframework.beans.factory.support.AbstractBeanFactory.lambda$doGetBean$0(AbstractBeanFactory.java:339)
	at org.springframework.beans.factory.support.DefaultSingletonBeanRegistry.getSingleton(DefaultSingletonBeanRegistry.java:371)
	at org.springframework.beans.factory.support.AbstractBeanFactory.doGetBean(AbstractBeanFactory.java:337)
	at org.springframework.beans.factory.support.AbstractBeanFactory.getBean(AbstractBeanFactory.java:202)
	at org.springframework.beans.factory.support.DefaultListableBeanFactory.instantiateSingleton(DefaultListableBeanFactory.java:1221)
	at org.springframework.beans.factory.support.DefaultListableBeanFactory.preInstantiateSingleton(DefaultListableBeanFactory.java:1187)
	at org.springframework.beans.factory.support.DefaultListableBeanFactory.preInstantiateSingletons(DefaultListableBeanFactory.java:1122)
	at org.springframework.context.support.AbstractApplicationContext.finishBeanFactoryInitialization(AbstractApplicationContext.java:987)
	at org.springframework.context.support.AbstractApplicationContext.refresh(AbstractApplicationContext.java:627)
	at org.springframework.boot.web.servlet.context.ServletWebServerApplicationContext.refresh(ServletWebServerApplicationContext.java:146)
	at org.springframework.boot.SpringApplication.refresh(SpringApplication.java:753)
	at org.springframework.boot.SpringApplication.refreshContext(SpringApplication.java:439)
	at org.springframework.boot.SpringApplication.run(SpringApplication.java:318)
	at org.springframework.boot.SpringApplication.run(SpringApplication.java:1362)
	at org.springframework.boot.SpringApplication.run(SpringApplication.java:1351)
	at com.tv.springbootwork.SpringBootWorkApplication.main(SpringBootWorkApplication.java:12)
Caused by: org.springframework.beans.factory.UnsatisfiedDependencyException: Error creating bean with name 'employeeServiceImpl': Unsatisfied dependency expressed through field 'mapper': Error creating bean with name 'employeeMapper' defined in file [C:\Users\7119\IdeaProjects\springBootWork\target\classes\com\tv\springbootwork\mapper\EmployeeMapper.class]: Unsatisfied dependency expressed through bean property 'sqlSessionTemplate': Error creating bean with name 'dataSourceScriptDatabaseInitializer' defined in class path resource [org/springframework/boot/autoconfigure/sql/init/DataSourceInitializationConfiguration.class]: Failed to execute SQL script statement #1 of file [C:\Users\7119\IdeaProjects\springBootWork\target\classes\data.sql]: INSERT INTO DEPARTMENT (DEPARTMENT_ID, DEPARTMENT_NAME, TYPE) VALUES ('D001', '人資部', 'HR'), ('D002', '資訊部', 'IT'), ('D003', '財務部', 'FIN'), ('D004', '營運部', 'OPS')
	at org.springframework.beans.factory.annotation.AutowiredAnnotationBeanPostProcessor$AutowiredFieldElement.resolveFieldValue(AutowiredAnnotationBeanPostProcessor.java:788)
	at org.springframework.beans.factory.annotation.AutowiredAnnotationBeanPostProcessor$AutowiredFieldElement.inject(AutowiredAnnotationBeanPostProcessor.java:768)
	at org.springframework.beans.factory.annotation.InjectionMetadata.inject(InjectionMetadata.java:146)
	at org.springframework.beans.factory.annotation.AutowiredAnnotationBeanPostProcessor.postProcessProperties(AutowiredAnnotationBeanPostProcessor.java:509)
	at org.springframework.beans.factory.support.AbstractAutowireCapableBeanFactory.populateBean(AbstractAutowireCapableBeanFactory.java:1451)
	at org.springframework.beans.factory.support.AbstractAutowireCapableBeanFactory.doCreateBean(AbstractAutowireCapableBeanFactory.java:606)
	at org.springframework.beans.factory.support.AbstractAutowireCapableBeanFactory.createBean(AbstractAutowireCapableBeanFactory.java:529)
	at org.springframework.beans.factory.support.AbstractBeanFactory.lambda$doGetBean$0(AbstractBeanFactory.java:339)
	at org.springframework.beans.factory.support.DefaultSingletonBeanRegistry.getSingleton(DefaultSingletonBeanRegistry.java:371)
	at org.springframework.beans.factory.support.AbstractBeanFactory.doGetBean(AbstractBeanFactory.java:337)
	at org.springframework.beans.factory.support.AbstractBeanFactory.getBean(AbstractBeanFactory.java:202)
	at org.springframework.beans.factory.config.DependencyDescriptor.resolveCandidate(DependencyDescriptor.java:254)
	at org.springframework.beans.factory.support.DefaultListableBeanFactory.doResolveDependency(DefaultListableBeanFactory.java:1739)
	at org.springframework.beans.factory.support.DefaultListableBeanFactory.resolveDependency(DefaultListableBeanFactory.java:1627)
	at org.springframework.beans.factory.annotation.AutowiredAnnotationBeanPostProcessor$AutowiredFieldElement.resolveFieldValue(AutowiredAnnotationBeanPostProcessor.java:785)
	... 22 common frames omitted
Caused by: org.springframework.beans.factory.UnsatisfiedDependencyException: Error creating bean with name 'employeeMapper' defined in file [C:\Users\7119\IdeaProjects\springBootWork\target\classes\com\tv\springbootwork\mapper\EmployeeMapper.class]: Unsatisfied dependency expressed through bean property 'sqlSessionTemplate': Error creating bean with name 'dataSourceScriptDatabaseInitializer' defined in class path resource [org/springframework/boot/autoconfigure/sql/init/DataSourceInitializationConfiguration.class]: Failed to execute SQL script statement #1 of file [C:\Users\7119\IdeaProjects\springBootWork\target\classes\data.sql]: INSERT INTO DEPARTMENT (DEPARTMENT_ID, DEPARTMENT_NAME, TYPE) VALUES ('D001', '人資部', 'HR'), ('D002', '資訊部', 'IT'), ('D003', '財務部', 'FIN'), ('D004', '營運部', 'OPS')
	at org.springframework.beans.factory.support.AbstractAutowireCapableBeanFactory.autowireByType(AbstractAutowireCapableBeanFactory.java:1548)
	at org.springframework.beans.factory.support.AbstractAutowireCapableBeanFactory.populateBean(AbstractAutowireCapableBeanFactory.java:1442)
	at org.springframework.beans.factory.support.AbstractAutowireCapableBeanFactory.doCreateBean(AbstractAutowireCapableBeanFactory.java:606)
	at org.springframework.beans.factory.support.AbstractAutowireCapableBeanFactory.createBean(AbstractAutowireCapableBeanFactory.java:529)
	at org.springframework.beans.factory.support.AbstractBeanFactory.lambda$doGetBean$0(AbstractBeanFactory.java:339)
	at org.springframework.beans.factory.support.DefaultSingletonBeanRegistry.getSingleton(DefaultSingletonBeanRegistry.java:371)
	at org.springframework.beans.factory.support.AbstractBeanFactory.doGetBean(AbstractBeanFactory.java:337)
	at org.springframework.beans.factory.support.AbstractBeanFactory.getBean(AbstractBeanFactory.java:202)
	at org.springframework.beans.factory.config.DependencyDescriptor.resolveCandidate(DependencyDescriptor.java:254)
	at org.springframework.beans.factory.support.DefaultListableBeanFactory.doResolveDependency(DefaultListableBeanFactory.java:1739)
	at org.springframework.beans.factory.support.DefaultListableBeanFactory.resolveDependency(DefaultListableBeanFactory.java:1627)
	at org.springframework.beans.factory.annotation.AutowiredAnnotationBeanPostProcessor$AutowiredFieldElement.resolveFieldValue(AutowiredAnnotationBeanPostProcessor.java:785)
	... 36 common frames omitted
Caused by: org.springframework.beans.factory.BeanCreationException: Error creating bean with name 'dataSourceScriptDatabaseInitializer' defined in class path resource [org/springframework/boot/autoconfigure/sql/init/DataSourceInitializationConfiguration.class]: Failed to execute SQL script statement #1 of file [C:\Users\7119\IdeaProjects\springBootWork\target\classes\data.sql]: INSERT INTO DEPARTMENT (DEPARTMENT_ID, DEPARTMENT_NAME, TYPE) VALUES ('D001', '人資部', 'HR'), ('D002', '資訊部', 'IT'), ('D003', '財務部', 'FIN'), ('D004', '營運部', 'OPS')
	at org.springframework.beans.factory.support.AbstractAutowireCapableBeanFactory.initializeBean(AbstractAutowireCapableBeanFactory.java:1818)
	at org.springframework.beans.factory.support.AbstractAutowireCapableBeanFactory.doCreateBean(AbstractAutowireCapableBeanFactory.java:607)
	at org.springframework.beans.factory.support.AbstractAutowireCapableBeanFactory.createBean(AbstractAutowireCapableBeanFactory.java:529)
	at org.springframework.beans.factory.support.AbstractBeanFactory.lambda$doGetBean$0(AbstractBeanFactory.java:339)
	at org.springframework.beans.factory.support.DefaultSingletonBeanRegistry.getSingleton(DefaultSingletonBeanRegistry.java:371)
	at org.springframework.beans.factory.support.AbstractBeanFactory.doGetBean(AbstractBeanFactory.java:337)
	at org.springframework.beans.factory.support.AbstractBeanFactory.getBean(AbstractBeanFactory.java:202)
	at org.springframework.beans.factory.support.AbstractBeanFactory.doGetBean(AbstractBeanFactory.java:315)
	at org.springframework.beans.factory.support.AbstractBeanFactory.getBean(AbstractBeanFactory.java:202)
	at org.springframework.beans.factory.config.DependencyDescriptor.resolveCandidate(DependencyDescriptor.java:254)
	at org.springframework.beans.factory.support.DefaultListableBeanFactory.doResolveDependency(DefaultListableBeanFactory.java:1739)
	at org.springframework.beans.factory.support.DefaultListableBeanFactory.resolveDependency(DefaultListableBeanFactory.java:1627)
	at org.springframework.beans.factory.support.AbstractAutowireCapableBeanFactory.autowireByType(AbstractAutowireCapableBeanFactory.java:1533)
	... 47 common frames omitted
Caused by: org.springframework.jdbc.datasource.init.ScriptStatementFailedException: Failed to execute SQL script statement #1 of file [C:\Users\7119\IdeaProjects\springBootWork\target\classes\data.sql]: INSERT INTO DEPARTMENT (DEPARTMENT_ID, DEPARTMENT_NAME, TYPE) VALUES ('D001', '人資部', 'HR'), ('D002', '資訊部', 'IT'), ('D003', '財務部', 'FIN'), ('D004', '營運部', 'OPS')
	at org.springframework.jdbc.datasource.init.ScriptUtils.executeSqlScript(ScriptUtils.java:282)
	at org.springframework.jdbc.datasource.init.ResourceDatabasePopulator.populate(ResourceDatabasePopulator.java:254)
	at org.springframework.jdbc.datasource.init.DatabasePopulatorUtils.execute(DatabasePopulatorUtils.java:54)
	at org.springframework.boot.jdbc.init.DataSourceScriptDatabaseInitializer.runScripts(DataSourceScriptDatabaseInitializer.java:87)
	at org.springframework.boot.sql.init.AbstractScriptDatabaseInitializer.runScripts(AbstractScriptDatabaseInitializer.java:146)
	at org.springframework.boot.sql.init.AbstractScriptDatabaseInitializer.applyScripts(AbstractScriptDatabaseInitializer.java:108)
	at org.springframework.boot.sql.init.AbstractScriptDatabaseInitializer.applyDataScripts(AbstractScriptDatabaseInitializer.java:102)
	at org.springframework.boot.sql.init.AbstractScriptDatabaseInitializer.initializeDatabase(AbstractScriptDatabaseInitializer.java:77)
	at org.springframework.boot.sql.init.AbstractScriptDatabaseInitializer.afterPropertiesSet(AbstractScriptDatabaseInitializer.java:66)
	at org.springframework.beans.factory.support.AbstractAutowireCapableBeanFactory.invokeInitMethods(AbstractAutowireCapableBeanFactory.java:1865)
	at org.springframework.beans.factory.support.AbstractAutowireCapableBeanFactory.initializeBean(AbstractAutowireCapableBeanFactory.java:1814)
	... 59 common frames omitted
Caused by: org.h2.jdbc.JdbcSQLSyntaxErrorException: Column "TYPE" not found; SQL statement:
INSERT INTO DEPARTMENT (DEPARTMENT_ID, DEPARTMENT_NAME, TYPE) VALUES ('D001', '人資部', 'HR'), ('D002', '資訊部', 'IT'), ('D003', '財務部', 'FIN'), ('D004', '營運部', 'OPS') [42122-232]
	at org.h2.message.DbException.getJdbcSQLException(DbException.java:514)
	at org.h2.message.DbException.getJdbcSQLException(DbException.java:489)
	at org.h2.message.DbException.get(DbException.java:223)
	at org.h2.message.DbException.get(DbException.java:199)
	at org.h2.table.Table.getColumn(Table.java:786)
	at org.h2.command.Parser.parseColumn(Parser.java:1171)
	at org.h2.command.Parser.parseColumnList(Parser.java:1156)
	at org.h2.command.Parser.parseInsert(Parser.java:1530)
	at org.h2.command.Parser.parsePrepared(Parser.java:698)
	at org.h2.command.Parser.parse(Parser.java:581)
	at org.h2.command.Parser.parse(Parser.java:556)
	at org.h2.command.Parser.prepareCommand(Parser.java:484)
	at org.h2.engine.SessionLocal.prepareLocal(SessionLocal.java:645)
	at org.h2.engine.SessionLocal.prepareCommand(SessionLocal.java:561)
	at org.h2.jdbc.JdbcConnection.prepareCommand(JdbcConnection.java:1164)
	at org.h2.jdbc.JdbcStatement.executeInternal(JdbcStatement.java:245)
	at org.h2.jdbc.JdbcStatement.execute(JdbcStatement.java:231)
	at com.zaxxer.hikari.pool.ProxyStatement.execute(ProxyStatement.java:94)
	at com.zaxxer.hikari.pool.HikariProxyStatement.execute(HikariProxyStatement.java)
	at org.springframework.jdbc.datasource.init.ScriptUtils.executeSqlScript(ScriptUtils.java:261)
	... 69 common frames omitted
2025-05-22 14:20:09.174 [http-nio-8099-exec-2] ERROR c.t.s.Handler.ExceptionHandler - 運行時異常 => Invalid bound statement (not found): com.tv.springbootwork.mapper.EmployeeMapper.getEmployeeResult
2025-05-22 16:07:43.660 [http-nio-8099-exec-7] ERROR c.t.s.Handler.ExceptionHandler - 運行時異常 => 
### Error querying database.  Cause: org.h2.jdbc.JdbcSQLSyntaxErrorException: Column "START_TIME" not found; SQL statement:
SELECT
            *
        FROM
            EMPLOYEE E
            LEFT JOIN DEPARTMENT D ON E.DEPARTMENT_ID = D.DEPARTMENT_ID
        WHERE
            1 = 1
             
             
                AND E.EMPLOYEE_ID = ?
             
             


             

             
                AND START_TIME >= ? [42122-232]
### The error may exist in file [C:\Users\7119\IdeaProjects\springBootWork\target\classes\mapper\EmployeeMapper.xml]
### The error may involve com.tv.springbootwork.mapper.EmployeeMapper.getEmployeeResult
### The error occurred while executing a query
### SQL: SELECT             *         FROM             EMPLOYEE E             LEFT JOIN DEPARTMENT D ON E.DEPARTMENT_ID = D.DEPARTMENT_ID         WHERE             1 = 1                                             AND E.EMPLOYEE_ID = ?                                                                            AND START_TIME >= ?
### Cause: org.h2.jdbc.JdbcSQLSyntaxErrorException: Column "START_TIME" not found; SQL statement:
SELECT
            *
        FROM
            EMPLOYEE E
            LEFT JOIN DEPARTMENT D ON E.DEPARTMENT_ID = D.DEPARTMENT_ID
        WHERE
            1 = 1
             
             
                AND E.EMPLOYEE_ID = ?
             
             


             

             
                AND START_TIME >= ? [42122-232]
; bad SQL grammar []
2025-05-22 16:09:14.530 [http-nio-8099-exec-7] ERROR c.t.s.Handler.ExceptionHandler - 運行時異常 => Invalid bound statement (not found): com.tv.springbootwork.mapper.EmployeeMapper.getEmployeeDetailByResult
2025-05-22 16:13:47.888 [http-nio-8099-exec-9] ERROR c.t.s.Handler.ExceptionHandler - 運行時異常 => null
2025-05-22 16:15:34.461 [http-nio-8099-exec-5] ERROR c.t.s.Handler.ExceptionHandler - 運行時異常 => null
2025-05-22 16:20:44.345 [http-nio-8099-exec-1] ERROR c.t.s.Handler.ExceptionHandler - API錯誤 => 資料不存在
2025-05-22 16:56:19.431 [http-nio-8099-exec-2] ERROR c.t.s.Handler.ExceptionHandler - 運行時異常 => 
### Error updating database.  Cause: org.h2.jdbc.JdbcSQLSyntaxErrorException: Syntax error in SQL statement "INSERT INTO EMPLOYEE (\000a            EMPLOYEE_ID,\000a            EMPLOYEE_NAME,\000a            GENDER,\000a            BIRTH,\000a            EMAIL,\000a            PHONE,\000a            STATUS,\000a            START_DATE,\000a            DEPARTMENT_ID,\000a            MODIFY_BY,\000a            MODIFY_DATE\000a        ) VALUES (\000a            ?,\000a            ?,\000a            ?,\000a            ?,\000a            ?,\000a            ?,\000a            ?,\000a            ?,\000a            ?,\000a            ?,\000a            CURRENT_DATE[*]"; expected "(, [, ., ::, AT, FORMAT, *, /, %, +, -, ||, NOT, IS, ILIKE, REGEXP, AND, OR, ,, )"; SQL statement:
INSERT INTO EMPLOYEE (
            EMPLOYEE_ID,
            EMPLOYEE_NAME,
            GENDER,
            BIRTH,
            EMAIL,
            PHONE,
            STATUS,
            START_DATE,
            DEPARTMENT_ID,
            MODIFY_BY,
            MODIFY_DATE
        ) VALUES (
            ?,
            ?,
            ?,
            ?,
            ?,
            ?,
            ?,
            ?,
            ?,
            ?,
            CURRENT_DATE [42001-232]
### The error may exist in file [C:\Users\7119\IdeaProjects\springBootWork\target\classes\mapper\EmployeeMapper.xml]
### The error may involve com.tv.springbootwork.mapper.EmployeeMapper.insertResult
### The error occurred while executing an update
### SQL: INSERT INTO EMPLOYEE (             EMPLOYEE_ID,             EMPLOYEE_NAME,             GENDER,             BIRTH,             EMAIL,             PHONE,             STATUS,             START_DATE,             DEPARTMENT_ID,             MODIFY_BY,             MODIFY_DATE         ) VALUES (             ?,             ?,             ?,             ?,             ?,             ?,             ?,             ?,             ?,             ?,             CURRENT_DATE
### Cause: org.h2.jdbc.JdbcSQLSyntaxErrorException: Syntax error in SQL statement "INSERT INTO EMPLOYEE (\000a            EMPLOYEE_ID,\000a            EMPLOYEE_NAME,\000a            GENDER,\000a            BIRTH,\000a            EMAIL,\000a            PHONE,\000a            STATUS,\000a            START_DATE,\000a            DEPARTMENT_ID,\000a            MODIFY_BY,\000a            MODIFY_DATE\000a        ) VALUES (\000a            ?,\000a            ?,\000a            ?,\000a            ?,\000a            ?,\000a            ?,\000a            ?,\000a            ?,\000a            ?,\000a            ?,\000a            CURRENT_DATE[*]"; expected "(, [, ., ::, AT, FORMAT, *, /, %, +, -, ||, NOT, IS, ILIKE, REGEXP, AND, OR, ,, )"; SQL statement:
INSERT INTO EMPLOYEE (
            EMPLOYEE_ID,
            EMPLOYEE_NAME,
            GENDER,
            BIRTH,
            EMAIL,
            PHONE,
            STATUS,
            START_DATE,
            DEPARTMENT_ID,
            MODIFY_BY,
            MODIFY_DATE
        ) VALUES (
            ?,
            ?,
            ?,
            ?,
            ?,
            ?,
            ?,
            ?,
            ?,
            ?,
            CURRENT_DATE [42001-232]
; bad SQL grammar []
2025-05-22 16:57:50.301 [http-nio-8099-exec-10] ERROR c.t.s.Handler.ExceptionHandler - API錯誤 => 有相同的使用者代碼
2025-05-22 16:57:51.566 [http-nio-8099-exec-2] ERROR c.t.s.Handler.ExceptionHandler - API錯誤 => 有相同的使用者代碼
2025-05-22 16:57:52.449 [http-nio-8099-exec-7] ERROR c.t.s.Handler.ExceptionHandler - API錯誤 => 有相同的使用者代碼
2025-05-22 16:58:04.431 [http-nio-8099-exec-4] ERROR c.t.s.Handler.ExceptionHandler - API錯誤 => 沒有輸入使用者代碼
2025-05-22 16:58:09.295 [http-nio-8099-exec-8] ERROR c.t.s.Handler.ExceptionHandler - API錯誤 => 有相同的使用者代碼
2025-05-22 17:07:19.477 [http-nio-8099-exec-1] ERROR c.t.s.Handler.ExceptionHandler - 運行時異常 => 執行批次操作失敗
2025-05-22 17:10:31.724 [http-nio-8099-exec-2] ERROR c.t.s.Handler.ExceptionHandler - 運行時異常 => JSON parse error: Unexpected character (']' (code 93)): expected a value
