2025-05-22 09:04:12.743 [SpringApplicationShutdownHook] INFO  o.s.b.w.e.tomcat.GracefulShutdown - Commencing graceful shutdown. Waiting for active requests to complete
2025-05-22 09:04:12.753 [tomcat-shutdown] INFO  o.s.b.w.e.tomcat.GracefulShutdown - Graceful shutdown complete
2025-05-22 09:04:12.756 [SpringApplicationShutdownHook] INFO  com.zaxxer.hikari.HikariDataSource - HikariPool-1 - Shutdown initiated...
2025-05-22 09:04:12.757 [SpringApplicationShutdownHook] INFO  com.zaxxer.hikari.HikariDataSource - HikariPool-1 - Shutdown completed.
2025-05-22 09:04:16.745 [main] INFO  c.t.s.SpringBootWorkApplication - Starting SpringBootWorkApplication using Java 21.0.7 with PID 21488 (C:\Users\7119\IdeaProjects\springBootWork\target\classes started by 7119 in C:\Users\7119\IdeaProjects\springBootWork)
2025-05-22 09:04:16.748 [main] INFO  c.t.s.SpringBootWorkApplication - No active profile set, falling back to 1 default profile: "default"
2025-05-22 09:04:17.461 [main] INFO  o.s.b.w.e.tomcat.TomcatWebServer - Tomcat initialized with port 8099 (http)
2025-05-22 09:04:17.469 [main] INFO  o.a.coyote.http11.Http11NioProtocol - Initializing ProtocolHandler ["http-nio-8099"]
2025-05-22 09:04:17.470 [main] INFO  o.a.catalina.core.StandardService - Starting service [Tomcat]
2025-05-22 09:04:17.470 [main] INFO  o.a.catalina.core.StandardEngine - Starting Servlet engine: [Apache Tomcat/10.1.40]
2025-05-22 09:04:17.508 [main] INFO  o.a.c.c.C.[Tomcat].[localhost].[/] - Initializing Spring embedded WebApplicationContext
2025-05-22 09:04:17.509 [main] INFO  o.s.b.w.s.c.ServletWebServerApplicationContext - Root WebApplicationContext: initialization completed in 724 ms
2025-05-22 09:04:17.686 [main] INFO  com.zaxxer.hikari.HikariDataSource - HikariPool-1 - Starting...
2025-05-22 09:04:17.825 [main] INFO  com.zaxxer.hikari.pool.HikariPool - HikariPool-1 - Added connection conn0: url=jdbc:h2:mem:testdb user=SA
2025-05-22 09:04:17.827 [main] INFO  com.zaxxer.hikari.HikariDataSource - HikariPool-1 - Start completed.
2025-05-22 09:04:18.088 [main] INFO  o.s.b.a.h.H2ConsoleAutoConfiguration - H2 console available at '/h2-console'. Database available at 'jdbc:h2:mem:testdb'
2025-05-22 09:04:18.131 [main] INFO  o.a.coyote.http11.Http11NioProtocol - Starting ProtocolHandler ["http-nio-8099"]
2025-05-22 09:04:18.158 [main] INFO  o.s.b.w.e.tomcat.TomcatWebServer - Tomcat started on port 8099 (http) with context path '/'
2025-05-22 09:04:18.162 [main] INFO  c.t.s.SpringBootWorkApplication - Started SpringBootWorkApplication in 1.768 seconds (process running for 2.241)
2025-05-22 09:04:21.987 [http-nio-8099-exec-3] INFO  o.a.c.c.C.[Tomcat].[localhost].[/] - Initializing Spring DispatcherServlet 'dispatcherServlet'
2025-05-22 09:04:21.987 [http-nio-8099-exec-3] INFO  o.s.web.servlet.DispatcherServlet - Initializing Servlet 'dispatcherServlet'
2025-05-22 09:04:21.987 [http-nio-8099-exec-3] INFO  o.s.web.servlet.DispatcherServlet - Completed initialization in 0 ms
2025-05-22 09:07:01.568 [SpringApplicationShutdownHook] INFO  o.s.b.w.e.tomcat.GracefulShutdown - Commencing graceful shutdown. Waiting for active requests to complete
2025-05-22 09:07:01.572 [tomcat-shutdown] INFO  o.s.b.w.e.tomcat.GracefulShutdown - Graceful shutdown complete
2025-05-22 09:07:01.574 [SpringApplicationShutdownHook] INFO  com.zaxxer.hikari.HikariDataSource - HikariPool-1 - Shutdown initiated...
2025-05-22 09:07:01.575 [SpringApplicationShutdownHook] INFO  com.zaxxer.hikari.HikariDataSource - HikariPool-1 - Shutdown completed.
2025-05-22 09:07:05.411 [main] INFO  c.t.s.SpringBootWorkApplication - Starting SpringBootWorkApplication using Java 21.0.7 with PID 12924 (C:\Users\7119\IdeaProjects\springBootWork\target\classes started by 7119 in C:\Users\7119\IdeaProjects\springBootWork)
2025-05-22 09:07:05.412 [main] INFO  c.t.s.SpringBootWorkApplication - No active profile set, falling back to 1 default profile: "default"
2025-05-22 09:07:06.126 [main] INFO  o.s.b.w.e.tomcat.TomcatWebServer - Tomcat initialized with port 8099 (http)
2025-05-22 09:07:06.135 [main] INFO  o.a.coyote.http11.Http11NioProtocol - Initializing ProtocolHandler ["http-nio-8099"]
2025-05-22 09:07:06.136 [main] INFO  o.a.catalina.core.StandardService - Starting service [Tomcat]
2025-05-22 09:07:06.137 [main] INFO  o.a.catalina.core.StandardEngine - Starting Servlet engine: [Apache Tomcat/10.1.40]
2025-05-22 09:07:06.182 [main] INFO  o.a.c.c.C.[Tomcat].[localhost].[/] - Initializing Spring embedded WebApplicationContext
2025-05-22 09:07:06.183 [main] INFO  o.s.b.w.s.c.ServletWebServerApplicationContext - Root WebApplicationContext: initialization completed in 739 ms
2025-05-22 09:07:06.370 [main] INFO  com.zaxxer.hikari.HikariDataSource - HikariPool-1 - Starting...
2025-05-22 09:07:06.507 [main] INFO  com.zaxxer.hikari.pool.HikariPool - HikariPool-1 - Added connection conn0: url=jdbc:h2:mem:testdb user=SA
2025-05-22 09:07:06.508 [main] INFO  com.zaxxer.hikari.HikariDataSource - HikariPool-1 - Start completed.
2025-05-22 09:07:06.760 [main] INFO  o.s.b.a.h.H2ConsoleAutoConfiguration - H2 console available at '/h2-console'. Database available at 'jdbc:h2:mem:testdb'
2025-05-22 09:07:06.795 [main] INFO  o.a.coyote.http11.Http11NioProtocol - Starting ProtocolHandler ["http-nio-8099"]
2025-05-22 09:07:06.822 [main] INFO  o.s.b.w.e.tomcat.TomcatWebServer - Tomcat started on port 8099 (http) with context path '/'
2025-05-22 09:07:06.826 [main] INFO  c.t.s.SpringBootWorkApplication - Started SpringBootWorkApplication in 1.761 seconds (process running for 2.191)
2025-05-22 09:07:09.661 [http-nio-8099-exec-2] INFO  o.a.c.c.C.[Tomcat].[localhost].[/] - Initializing Spring DispatcherServlet 'dispatcherServlet'
2025-05-22 09:07:09.661 [http-nio-8099-exec-2] INFO  o.s.web.servlet.DispatcherServlet - Initializing Servlet 'dispatcherServlet'
2025-05-22 09:07:09.662 [http-nio-8099-exec-2] INFO  o.s.web.servlet.DispatcherServlet - Completed initialization in 1 ms
2025-05-22 09:07:47.612 [SpringApplicationShutdownHook] INFO  o.s.b.w.e.tomcat.GracefulShutdown - Commencing graceful shutdown. Waiting for active requests to complete
2025-05-22 09:07:47.615 [tomcat-shutdown] INFO  o.s.b.w.e.tomcat.GracefulShutdown - Graceful shutdown complete
2025-05-22 09:07:47.617 [SpringApplicationShutdownHook] INFO  com.zaxxer.hikari.HikariDataSource - HikariPool-1 - Shutdown initiated...
2025-05-22 09:07:47.618 [SpringApplicationShutdownHook] INFO  com.zaxxer.hikari.HikariDataSource - HikariPool-1 - Shutdown completed.
2025-05-22 09:07:51.386 [main] INFO  c.t.s.SpringBootWorkApplication - Starting SpringBootWorkApplication using Java 21.0.7 with PID 18388 (C:\Users\7119\IdeaProjects\springBootWork\target\classes started by 7119 in C:\Users\7119\IdeaProjects\springBootWork)
2025-05-22 09:07:51.388 [main] INFO  c.t.s.SpringBootWorkApplication - No active profile set, falling back to 1 default profile: "default"
2025-05-22 09:07:52.108 [main] INFO  o.s.b.w.e.tomcat.TomcatWebServer - Tomcat initialized with port 8099 (http)
2025-05-22 09:07:52.116 [main] INFO  o.a.coyote.http11.Http11NioProtocol - Initializing ProtocolHandler ["http-nio-8099"]
2025-05-22 09:07:52.117 [main] INFO  o.a.catalina.core.StandardService - Starting service [Tomcat]
2025-05-22 09:07:52.118 [main] INFO  o.a.catalina.core.StandardEngine - Starting Servlet engine: [Apache Tomcat/10.1.40]
2025-05-22 09:07:52.151 [main] INFO  o.a.c.c.C.[Tomcat].[localhost].[/] - Initializing Spring embedded WebApplicationContext
2025-05-22 09:07:52.152 [main] INFO  o.s.b.w.s.c.ServletWebServerApplicationContext - Root WebApplicationContext: initialization completed in 732 ms
2025-05-22 09:07:52.319 [main] INFO  com.zaxxer.hikari.HikariDataSource - HikariPool-1 - Starting...
2025-05-22 09:07:52.452 [main] INFO  com.zaxxer.hikari.pool.HikariPool - HikariPool-1 - Added connection conn0: url=jdbc:h2:mem:testdb user=SA
2025-05-22 09:07:52.454 [main] INFO  com.zaxxer.hikari.HikariDataSource - HikariPool-1 - Start completed.
2025-05-22 09:07:52.693 [main] INFO  o.s.b.a.h.H2ConsoleAutoConfiguration - H2 console available at '/h2-console'. Database available at 'jdbc:h2:mem:testdb'
2025-05-22 09:07:52.733 [main] INFO  o.a.coyote.http11.Http11NioProtocol - Starting ProtocolHandler ["http-nio-8099"]
2025-05-22 09:07:52.759 [main] INFO  o.s.b.w.e.tomcat.TomcatWebServer - Tomcat started on port 8099 (http) with context path '/'
2025-05-22 09:07:52.763 [main] INFO  c.t.s.SpringBootWorkApplication - Started SpringBootWorkApplication in 1.72 seconds (process running for 2.176)
2025-05-22 09:08:40.267 [http-nio-8099-exec-1] INFO  o.a.c.c.C.[Tomcat].[localhost].[/] - Initializing Spring DispatcherServlet 'dispatcherServlet'
2025-05-22 09:08:40.267 [http-nio-8099-exec-1] INFO  o.s.web.servlet.DispatcherServlet - Initializing Servlet 'dispatcherServlet'
2025-05-22 09:08:40.268 [http-nio-8099-exec-1] INFO  o.s.web.servlet.DispatcherServlet - Completed initialization in 1 ms
2025-05-22 09:10:32.225 [SpringApplicationShutdownHook] INFO  o.s.b.w.e.tomcat.GracefulShutdown - Commencing graceful shutdown. Waiting for active requests to complete
2025-05-22 09:10:32.228 [tomcat-shutdown] INFO  o.s.b.w.e.tomcat.GracefulShutdown - Graceful shutdown complete
2025-05-22 09:10:32.230 [SpringApplicationShutdownHook] INFO  com.zaxxer.hikari.HikariDataSource - HikariPool-1 - Shutdown initiated...
2025-05-22 09:10:32.231 [SpringApplicationShutdownHook] INFO  com.zaxxer.hikari.HikariDataSource - HikariPool-1 - Shutdown completed.
2025-05-22 09:10:34.500 [main] INFO  c.t.s.SpringBootWorkApplication - Starting SpringBootWorkApplication using Java 21.0.7 with PID 13900 (C:\Users\7119\IdeaProjects\springBootWork\target\classes started by 7119 in C:\Users\7119\IdeaProjects\springBootWork)
2025-05-22 09:10:34.501 [main] INFO  c.t.s.SpringBootWorkApplication - No active profile set, falling back to 1 default profile: "default"
2025-05-22 09:10:35.236 [main] INFO  o.s.b.w.e.tomcat.TomcatWebServer - Tomcat initialized with port 8099 (http)
2025-05-22 09:10:35.245 [main] INFO  o.a.coyote.http11.Http11NioProtocol - Initializing ProtocolHandler ["http-nio-8099"]
2025-05-22 09:10:35.246 [main] INFO  o.a.catalina.core.StandardService - Starting service [Tomcat]
2025-05-22 09:10:35.246 [main] INFO  o.a.catalina.core.StandardEngine - Starting Servlet engine: [Apache Tomcat/10.1.40]
2025-05-22 09:10:35.285 [main] INFO  o.a.c.c.C.[Tomcat].[localhost].[/] - Initializing Spring embedded WebApplicationContext
2025-05-22 09:10:35.285 [main] INFO  o.s.b.w.s.c.ServletWebServerApplicationContext - Root WebApplicationContext: initialization completed in 753 ms
2025-05-22 09:10:35.467 [main] INFO  com.zaxxer.hikari.HikariDataSource - HikariPool-1 - Starting...
2025-05-22 09:10:35.602 [main] INFO  com.zaxxer.hikari.pool.HikariPool - HikariPool-1 - Added connection conn0: url=jdbc:h2:mem:testdb user=SA
2025-05-22 09:10:35.604 [main] INFO  com.zaxxer.hikari.HikariDataSource - HikariPool-1 - Start completed.
2025-05-22 09:10:35.849 [main] INFO  o.s.b.a.h.H2ConsoleAutoConfiguration - H2 console available at '/h2-console'. Database available at 'jdbc:h2:mem:testdb'
2025-05-22 09:10:35.889 [main] INFO  o.a.coyote.http11.Http11NioProtocol - Starting ProtocolHandler ["http-nio-8099"]
2025-05-22 09:10:35.915 [main] INFO  o.s.b.w.e.tomcat.TomcatWebServer - Tomcat started on port 8099 (http) with context path '/'
2025-05-22 09:10:35.919 [main] INFO  c.t.s.SpringBootWorkApplication - Started SpringBootWorkApplication in 1.773 seconds (process running for 2.242)
2025-05-22 09:10:41.441 [http-nio-8099-exec-3] INFO  o.a.c.c.C.[Tomcat].[localhost].[/] - Initializing Spring DispatcherServlet 'dispatcherServlet'
2025-05-22 09:10:41.441 [http-nio-8099-exec-3] INFO  o.s.web.servlet.DispatcherServlet - Initializing Servlet 'dispatcherServlet'
2025-05-22 09:10:41.441 [http-nio-8099-exec-3] INFO  o.s.web.servlet.DispatcherServlet - Completed initialization in 0 ms
2025-05-22 09:12:21.462 [SpringApplicationShutdownHook] INFO  o.s.b.w.e.tomcat.GracefulShutdown - Commencing graceful shutdown. Waiting for active requests to complete
2025-05-22 09:12:21.464 [tomcat-shutdown] INFO  o.s.b.w.e.tomcat.GracefulShutdown - Graceful shutdown complete
2025-05-22 09:12:21.466 [SpringApplicationShutdownHook] INFO  com.zaxxer.hikari.HikariDataSource - HikariPool-1 - Shutdown initiated...
2025-05-22 09:12:21.467 [SpringApplicationShutdownHook] INFO  com.zaxxer.hikari.HikariDataSource - HikariPool-1 - Shutdown completed.
2025-05-22 09:12:25.272 [main] INFO  c.t.s.SpringBootWorkApplication - Starting SpringBootWorkApplication using Java 21.0.7 with PID 18608 (C:\Users\7119\IdeaProjects\springBootWork\target\classes started by 7119 in C:\Users\7119\IdeaProjects\springBootWork)
2025-05-22 09:12:25.273 [main] INFO  c.t.s.SpringBootWorkApplication - No active profile set, falling back to 1 default profile: "default"
2025-05-22 09:12:26.077 [main] INFO  o.s.b.w.e.tomcat.TomcatWebServer - Tomcat initialized with port 8099 (http)
2025-05-22 09:12:26.087 [main] INFO  o.a.coyote.http11.Http11NioProtocol - Initializing ProtocolHandler ["http-nio-8099"]
2025-05-22 09:12:26.088 [main] INFO  o.a.catalina.core.StandardService - Starting service [Tomcat]
2025-05-22 09:12:26.089 [main] INFO  o.a.catalina.core.StandardEngine - Starting Servlet engine: [Apache Tomcat/10.1.40]
2025-05-22 09:12:26.129 [main] INFO  o.a.c.c.C.[Tomcat].[localhost].[/] - Initializing Spring embedded WebApplicationContext
2025-05-22 09:12:26.129 [main] INFO  o.s.b.w.s.c.ServletWebServerApplicationContext - Root WebApplicationContext: initialization completed in 820 ms
2025-05-22 09:12:26.342 [main] INFO  com.zaxxer.hikari.HikariDataSource - HikariPool-1 - Starting...
2025-05-22 09:12:26.473 [main] INFO  com.zaxxer.hikari.pool.HikariPool - HikariPool-1 - Added connection conn0: url=jdbc:h2:mem:testdb user=SA
2025-05-22 09:12:26.474 [main] INFO  com.zaxxer.hikari.HikariDataSource - HikariPool-1 - Start completed.
2025-05-22 09:12:26.778 [main] INFO  o.s.b.a.h.H2ConsoleAutoConfiguration - H2 console available at '/h2-console'. Database available at 'jdbc:h2:mem:testdb'
2025-05-22 09:12:26.821 [main] INFO  o.a.coyote.http11.Http11NioProtocol - Starting ProtocolHandler ["http-nio-8099"]
2025-05-22 09:12:26.850 [main] INFO  o.s.b.w.e.tomcat.TomcatWebServer - Tomcat started on port 8099 (http) with context path '/'
2025-05-22 09:12:26.855 [main] INFO  c.t.s.SpringBootWorkApplication - Started SpringBootWorkApplication in 1.997 seconds (process running for 2.54)
2025-05-22 09:13:01.424 [http-nio-8099-exec-1] INFO  o.a.c.c.C.[Tomcat].[localhost].[/] - Initializing Spring DispatcherServlet 'dispatcherServlet'
2025-05-22 09:13:01.424 [http-nio-8099-exec-1] INFO  o.s.web.servlet.DispatcherServlet - Initializing Servlet 'dispatcherServlet'
2025-05-22 09:13:01.425 [http-nio-8099-exec-1] INFO  o.s.web.servlet.DispatcherServlet - Completed initialization in 1 ms
2025-05-22 09:14:13.991 [SpringApplicationShutdownHook] INFO  o.s.b.w.e.tomcat.GracefulShutdown - Commencing graceful shutdown. Waiting for active requests to complete
2025-05-22 09:14:13.996 [tomcat-shutdown] INFO  o.s.b.w.e.tomcat.GracefulShutdown - Graceful shutdown complete
2025-05-22 09:14:14.000 [SpringApplicationShutdownHook] INFO  com.zaxxer.hikari.HikariDataSource - HikariPool-1 - Shutdown initiated...
2025-05-22 09:14:14.001 [SpringApplicationShutdownHook] INFO  com.zaxxer.hikari.HikariDataSource - HikariPool-1 - Shutdown completed.
2025-05-22 09:14:16.318 [main] INFO  c.t.s.SpringBootWorkApplication - Starting SpringBootWorkApplication using Java 21.0.7 with PID 15992 (C:\Users\7119\IdeaProjects\springBootWork\target\classes started by 7119 in C:\Users\7119\IdeaProjects\springBootWork)
2025-05-22 09:14:16.319 [main] INFO  c.t.s.SpringBootWorkApplication - No active profile set, falling back to 1 default profile: "default"
2025-05-22 09:14:17.008 [main] INFO  o.s.b.w.e.tomcat.TomcatWebServer - Tomcat initialized with port 8099 (http)
2025-05-22 09:14:17.017 [main] INFO  o.a.coyote.http11.Http11NioProtocol - Initializing ProtocolHandler ["http-nio-8099"]
2025-05-22 09:14:17.018 [main] INFO  o.a.catalina.core.StandardService - Starting service [Tomcat]
2025-05-22 09:14:17.019 [main] INFO  o.a.catalina.core.StandardEngine - Starting Servlet engine: [Apache Tomcat/10.1.40]
2025-05-22 09:14:17.056 [main] INFO  o.a.c.c.C.[Tomcat].[localhost].[/] - Initializing Spring embedded WebApplicationContext
2025-05-22 09:14:17.056 [main] INFO  o.s.b.w.s.c.ServletWebServerApplicationContext - Root WebApplicationContext: initialization completed in 705 ms
2025-05-22 09:14:17.225 [main] INFO  com.zaxxer.hikari.HikariDataSource - HikariPool-1 - Starting...
2025-05-22 09:14:17.355 [main] INFO  com.zaxxer.hikari.pool.HikariPool - HikariPool-1 - Added connection conn0: url=jdbc:h2:mem:testdb user=SA
2025-05-22 09:14:17.357 [main] INFO  com.zaxxer.hikari.HikariDataSource - HikariPool-1 - Start completed.
2025-05-22 09:14:17.606 [main] INFO  o.s.b.a.h.H2ConsoleAutoConfiguration - H2 console available at '/h2-console'. Database available at 'jdbc:h2:mem:testdb'
2025-05-22 09:14:17.640 [main] INFO  o.a.coyote.http11.Http11NioProtocol - Starting ProtocolHandler ["http-nio-8099"]
2025-05-22 09:14:17.665 [main] INFO  o.s.b.w.e.tomcat.TomcatWebServer - Tomcat started on port 8099 (http) with context path '/'
2025-05-22 09:14:17.669 [main] INFO  c.t.s.SpringBootWorkApplication - Started SpringBootWorkApplication in 1.691 seconds (process running for 2.121)
2025-05-22 09:14:23.510 [http-nio-8099-exec-2] INFO  o.a.c.c.C.[Tomcat].[localhost].[/] - Initializing Spring DispatcherServlet 'dispatcherServlet'
2025-05-22 09:14:23.510 [http-nio-8099-exec-2] INFO  o.s.web.servlet.DispatcherServlet - Initializing Servlet 'dispatcherServlet'
2025-05-22 09:14:23.510 [http-nio-8099-exec-2] INFO  o.s.web.servlet.DispatcherServlet - Completed initialization in 0 ms
2025-05-22 09:23:48.378 [SpringApplicationShutdownHook] INFO  o.s.b.w.e.tomcat.GracefulShutdown - Commencing graceful shutdown. Waiting for active requests to complete
2025-05-22 09:23:48.381 [tomcat-shutdown] INFO  o.s.b.w.e.tomcat.GracefulShutdown - Graceful shutdown complete
2025-05-22 09:23:48.384 [SpringApplicationShutdownHook] INFO  com.zaxxer.hikari.HikariDataSource - HikariPool-1 - Shutdown initiated...
2025-05-22 09:23:48.386 [SpringApplicationShutdownHook] INFO  com.zaxxer.hikari.HikariDataSource - HikariPool-1 - Shutdown completed.
2025-05-22 09:23:51.417 [main] INFO  c.t.s.SpringBootWorkApplication - Starting SpringBootWorkApplication using Java 21.0.7 with PID 27344 (C:\Users\7119\IdeaProjects\springBootWork\target\classes started by 7119 in C:\Users\7119\IdeaProjects\springBootWork)
2025-05-22 09:23:51.418 [main] INFO  c.t.s.SpringBootWorkApplication - No active profile set, falling back to 1 default profile: "default"
2025-05-22 09:23:52.102 [main] INFO  o.s.b.w.e.tomcat.TomcatWebServer - Tomcat initialized with port 8099 (http)
2025-05-22 09:23:52.111 [main] INFO  o.a.coyote.http11.Http11NioProtocol - Initializing ProtocolHandler ["http-nio-8099"]
2025-05-22 09:23:52.112 [main] INFO  o.a.catalina.core.StandardService - Starting service [Tomcat]
2025-05-22 09:23:52.112 [main] INFO  o.a.catalina.core.StandardEngine - Starting Servlet engine: [Apache Tomcat/10.1.40]
2025-05-22 09:23:52.145 [main] INFO  o.a.c.c.C.[Tomcat].[localhost].[/] - Initializing Spring embedded WebApplicationContext
2025-05-22 09:23:52.146 [main] INFO  o.s.b.w.s.c.ServletWebServerApplicationContext - Root WebApplicationContext: initialization completed in 695 ms
2025-05-22 09:23:52.308 [main] INFO  com.zaxxer.hikari.HikariDataSource - HikariPool-1 - Starting...
2025-05-22 09:23:52.439 [main] INFO  com.zaxxer.hikari.pool.HikariPool - HikariPool-1 - Added connection conn0: url=jdbc:h2:mem:testdb user=SA
2025-05-22 09:23:52.440 [main] INFO  com.zaxxer.hikari.HikariDataSource - HikariPool-1 - Start completed.
2025-05-22 09:23:52.685 [main] INFO  o.s.b.a.h.H2ConsoleAutoConfiguration - H2 console available at '/h2-console'. Database available at 'jdbc:h2:mem:testdb'
2025-05-22 09:23:52.721 [main] INFO  o.a.coyote.http11.Http11NioProtocol - Starting ProtocolHandler ["http-nio-8099"]
2025-05-22 09:23:52.745 [main] INFO  o.s.b.w.e.tomcat.TomcatWebServer - Tomcat started on port 8099 (http) with context path '/'
2025-05-22 09:23:52.749 [main] INFO  c.t.s.SpringBootWorkApplication - Started SpringBootWorkApplication in 1.682 seconds (process running for 2.738)
2025-05-22 09:23:57.268 [http-nio-8099-exec-1] INFO  o.a.c.c.C.[Tomcat].[localhost].[/] - Initializing Spring DispatcherServlet 'dispatcherServlet'
2025-05-22 09:23:57.268 [http-nio-8099-exec-1] INFO  o.s.web.servlet.DispatcherServlet - Initializing Servlet 'dispatcherServlet'
2025-05-22 09:23:57.269 [http-nio-8099-exec-1] INFO  o.s.web.servlet.DispatcherServlet - Completed initialization in 1 ms
2025-05-22 09:24:47.344 [SpringApplicationShutdownHook] INFO  o.s.b.w.e.tomcat.GracefulShutdown - Commencing graceful shutdown. Waiting for active requests to complete
2025-05-22 09:24:47.347 [tomcat-shutdown] INFO  o.s.b.w.e.tomcat.GracefulShutdown - Graceful shutdown complete
2025-05-22 09:24:47.349 [SpringApplicationShutdownHook] INFO  com.zaxxer.hikari.HikariDataSource - HikariPool-1 - Shutdown initiated...
2025-05-22 09:24:47.350 [SpringApplicationShutdownHook] INFO  com.zaxxer.hikari.HikariDataSource - HikariPool-1 - Shutdown completed.
2025-05-22 09:24:49.534 [main] INFO  c.t.s.SpringBootWorkApplication - Starting SpringBootWorkApplication using Java 21.0.7 with PID 14396 (C:\Users\7119\IdeaProjects\springBootWork\target\classes started by 7119 in C:\Users\7119\IdeaProjects\springBootWork)
2025-05-22 09:24:49.535 [main] INFO  c.t.s.SpringBootWorkApplication - No active profile set, falling back to 1 default profile: "default"
2025-05-22 09:24:50.268 [main] INFO  o.s.b.w.e.tomcat.TomcatWebServer - Tomcat initialized with port 8099 (http)
2025-05-22 09:24:50.277 [main] INFO  o.a.coyote.http11.Http11NioProtocol - Initializing ProtocolHandler ["http-nio-8099"]
2025-05-22 09:24:50.278 [main] INFO  o.a.catalina.core.StandardService - Starting service [Tomcat]
2025-05-22 09:24:50.278 [main] INFO  o.a.catalina.core.StandardEngine - Starting Servlet engine: [Apache Tomcat/10.1.40]
2025-05-22 09:24:50.318 [main] INFO  o.a.c.c.C.[Tomcat].[localhost].[/] - Initializing Spring embedded WebApplicationContext
2025-05-22 09:24:50.318 [main] INFO  o.s.b.w.s.c.ServletWebServerApplicationContext - Root WebApplicationContext: initialization completed in 753 ms
2025-05-22 09:24:50.512 [main] INFO  com.zaxxer.hikari.HikariDataSource - HikariPool-1 - Starting...
2025-05-22 09:24:50.649 [main] INFO  com.zaxxer.hikari.pool.HikariPool - HikariPool-1 - Added connection conn0: url=jdbc:h2:mem:testdb user=SA
2025-05-22 09:24:50.651 [main] INFO  com.zaxxer.hikari.HikariDataSource - HikariPool-1 - Start completed.
2025-05-22 09:24:50.909 [main] INFO  o.s.b.a.h.H2ConsoleAutoConfiguration - H2 console available at '/h2-console'. Database available at 'jdbc:h2:mem:testdb'
2025-05-22 09:24:50.952 [main] INFO  o.a.coyote.http11.Http11NioProtocol - Starting ProtocolHandler ["http-nio-8099"]
2025-05-22 09:24:50.978 [main] INFO  o.s.b.w.e.tomcat.TomcatWebServer - Tomcat started on port 8099 (http) with context path '/'
2025-05-22 09:24:50.982 [main] INFO  c.t.s.SpringBootWorkApplication - Started SpringBootWorkApplication in 1.804 seconds (process running for 2.251)
2025-05-22 09:25:22.942 [http-nio-8099-exec-2] INFO  o.a.c.c.C.[Tomcat].[localhost].[/] - Initializing Spring DispatcherServlet 'dispatcherServlet'
2025-05-22 09:25:22.942 [http-nio-8099-exec-2] INFO  o.s.web.servlet.DispatcherServlet - Initializing Servlet 'dispatcherServlet'
2025-05-22 09:25:22.943 [http-nio-8099-exec-2] INFO  o.s.web.servlet.DispatcherServlet - Completed initialization in 1 ms
2025-05-22 09:27:18.651 [SpringApplicationShutdownHook] INFO  o.s.b.w.e.tomcat.GracefulShutdown - Commencing graceful shutdown. Waiting for active requests to complete
2025-05-22 09:27:18.654 [tomcat-shutdown] INFO  o.s.b.w.e.tomcat.GracefulShutdown - Graceful shutdown complete
2025-05-22 09:27:18.656 [SpringApplicationShutdownHook] INFO  com.zaxxer.hikari.HikariDataSource - HikariPool-1 - Shutdown initiated...
2025-05-22 09:27:18.657 [SpringApplicationShutdownHook] INFO  com.zaxxer.hikari.HikariDataSource - HikariPool-1 - Shutdown completed.
2025-05-22 09:27:22.583 [main] INFO  c.t.s.SpringBootWorkApplication - Starting SpringBootWorkApplication using Java 21.0.7 with PID 2564 (C:\Users\7119\IdeaProjects\springBootWork\target\classes started by 7119 in C:\Users\7119\IdeaProjects\springBootWork)
2025-05-22 09:27:22.584 [main] INFO  c.t.s.SpringBootWorkApplication - No active profile set, falling back to 1 default profile: "default"
2025-05-22 09:27:23.320 [main] INFO  o.s.b.w.e.tomcat.TomcatWebServer - Tomcat initialized with port 8099 (http)
2025-05-22 09:27:23.330 [main] INFO  o.a.coyote.http11.Http11NioProtocol - Initializing ProtocolHandler ["http-nio-8099"]
2025-05-22 09:27:23.331 [main] INFO  o.a.catalina.core.StandardService - Starting service [Tomcat]
2025-05-22 09:27:23.331 [main] INFO  o.a.catalina.core.StandardEngine - Starting Servlet engine: [Apache Tomcat/10.1.40]
2025-05-22 09:27:23.368 [main] INFO  o.a.c.c.C.[Tomcat].[localhost].[/] - Initializing Spring embedded WebApplicationContext
2025-05-22 09:27:23.368 [main] INFO  o.s.b.w.s.c.ServletWebServerApplicationContext - Root WebApplicationContext: initialization completed in 749 ms
2025-05-22 09:27:23.559 [main] INFO  com.zaxxer.hikari.HikariDataSource - HikariPool-1 - Starting...
2025-05-22 09:27:23.690 [main] INFO  com.zaxxer.hikari.pool.HikariPool - HikariPool-1 - Added connection conn0: url=jdbc:h2:mem:testdb user=SA
2025-05-22 09:27:23.692 [main] INFO  com.zaxxer.hikari.HikariDataSource - HikariPool-1 - Start completed.
2025-05-22 09:27:23.979 [main] INFO  o.s.b.a.h.H2ConsoleAutoConfiguration - H2 console available at '/h2-console'. Database available at 'jdbc:h2:mem:testdb'
2025-05-22 09:27:24.023 [main] INFO  o.a.coyote.http11.Http11NioProtocol - Starting ProtocolHandler ["http-nio-8099"]
2025-05-22 09:27:24.051 [main] INFO  o.s.b.w.e.tomcat.TomcatWebServer - Tomcat started on port 8099 (http) with context path '/'
2025-05-22 09:27:24.056 [main] INFO  c.t.s.SpringBootWorkApplication - Started SpringBootWorkApplication in 1.843 seconds (process running for 2.332)
2025-05-22 09:27:27.660 [http-nio-8099-exec-2] INFO  o.a.c.c.C.[Tomcat].[localhost].[/] - Initializing Spring DispatcherServlet 'dispatcherServlet'
2025-05-22 09:27:27.660 [http-nio-8099-exec-2] INFO  o.s.web.servlet.DispatcherServlet - Initializing Servlet 'dispatcherServlet'
2025-05-22 09:27:27.661 [http-nio-8099-exec-2] INFO  o.s.web.servlet.DispatcherServlet - Completed initialization in 1 ms
2025-05-22 09:28:46.974 [SpringApplicationShutdownHook] INFO  o.s.b.w.e.tomcat.GracefulShutdown - Commencing graceful shutdown. Waiting for active requests to complete
2025-05-22 09:28:46.978 [tomcat-shutdown] INFO  o.s.b.w.e.tomcat.GracefulShutdown - Graceful shutdown complete
2025-05-22 09:28:46.980 [SpringApplicationShutdownHook] INFO  com.zaxxer.hikari.HikariDataSource - HikariPool-1 - Shutdown initiated...
2025-05-22 09:28:46.981 [SpringApplicationShutdownHook] INFO  com.zaxxer.hikari.HikariDataSource - HikariPool-1 - Shutdown completed.
2025-05-22 09:28:49.451 [main] INFO  c.t.s.SpringBootWorkApplication - Starting SpringBootWorkApplication using Java 21.0.7 with PID 8696 (C:\Users\7119\IdeaProjects\springBootWork\target\classes started by 7119 in C:\Users\7119\IdeaProjects\springBootWork)
2025-05-22 09:28:49.452 [main] INFO  c.t.s.SpringBootWorkApplication - No active profile set, falling back to 1 default profile: "default"
2025-05-22 09:28:50.266 [main] INFO  o.s.b.w.e.tomcat.TomcatWebServer - Tomcat initialized with port 8099 (http)
2025-05-22 09:28:50.277 [main] INFO  o.a.coyote.http11.Http11NioProtocol - Initializing ProtocolHandler ["http-nio-8099"]
2025-05-22 09:28:50.278 [main] INFO  o.a.catalina.core.StandardService - Starting service [Tomcat]
2025-05-22 09:28:50.279 [main] INFO  o.a.catalina.core.StandardEngine - Starting Servlet engine: [Apache Tomcat/10.1.40]
2025-05-22 09:28:50.322 [main] INFO  o.a.c.c.C.[Tomcat].[localhost].[/] - Initializing Spring embedded WebApplicationContext
2025-05-22 09:28:50.322 [main] INFO  o.s.b.w.s.c.ServletWebServerApplicationContext - Root WebApplicationContext: initialization completed in 834 ms
2025-05-22 09:28:50.530 [main] INFO  com.zaxxer.hikari.HikariDataSource - HikariPool-1 - Starting...
2025-05-22 09:28:50.669 [main] INFO  com.zaxxer.hikari.pool.HikariPool - HikariPool-1 - Added connection conn0: url=jdbc:h2:mem:testdb user=SA
2025-05-22 09:28:50.671 [main] INFO  com.zaxxer.hikari.HikariDataSource - HikariPool-1 - Start completed.
2025-05-22 09:28:50.978 [main] INFO  o.s.b.a.h.H2ConsoleAutoConfiguration - H2 console available at '/h2-console'. Database available at 'jdbc:h2:mem:testdb'
2025-05-22 09:28:51.022 [main] INFO  o.a.coyote.http11.Http11NioProtocol - Starting ProtocolHandler ["http-nio-8099"]
2025-05-22 09:28:51.047 [main] INFO  o.s.b.w.e.tomcat.TomcatWebServer - Tomcat started on port 8099 (http) with context path '/'
2025-05-22 09:28:51.051 [main] INFO  c.t.s.SpringBootWorkApplication - Started SpringBootWorkApplication in 2.013 seconds (process running for 2.549)
2025-05-22 09:28:52.779 [http-nio-8099-exec-1] INFO  o.a.c.c.C.[Tomcat].[localhost].[/] - Initializing Spring DispatcherServlet 'dispatcherServlet'
2025-05-22 09:28:52.780 [http-nio-8099-exec-1] INFO  o.s.web.servlet.DispatcherServlet - Initializing Servlet 'dispatcherServlet'
2025-05-22 09:28:52.781 [http-nio-8099-exec-1] INFO  o.s.web.servlet.DispatcherServlet - Completed initialization in 1 ms
2025-05-22 09:28:52.939 [http-nio-8099-exec-1] INFO  c.t.s.c.SystemCodeResultController - EmployeeRequestPost(systemCode=SYS007, systemDesc=通關服務部, status=Y, userCode=U001, password=Pass@123, party=IT, userName=Kyle chu, ban=A1234567, startDate=2023-01-10, email=kyle@tradevan.com.tw, phone=0987654321, fax=#745, countryNum=TWN, airline=AVA)
