2025-05-22 12:01:08.215 [http-nio-8099-exec-1] INFO  o.a.c.c.C.[Tomcat].[localhost].[/] - Initializing Spring DispatcherServlet 'dispatcherServlet'
2025-05-22 12:01:08.223 [http-nio-8099-exec-1] INFO  o.s.web.servlet.DispatcherServlet - Initializing Servlet 'dispatcherServlet'
2025-05-22 12:01:08.225 [http-nio-8099-exec-1] INFO  o.s.web.servlet.DispatcherServlet - Completed initialization in 0 ms
2025-05-22 12:01:08.244 [http-nio-8099-exec-1] WARN  o.s.w.s.m.s.DefaultHandlerExceptionResolver - Resolved [org.springframework.web.HttpRequestMethodNotSupportedException: Request method 'GET' is not supported]
2025-05-22 12:02:26.084 [SpringApplicationShutdownHook] INFO  o.s.b.w.e.tomcat.GracefulShutdown - Commencing graceful shutdown. Waiting for active requests to complete
2025-05-22 12:02:26.084 [tomcat-shutdown] INFO  o.s.b.w.e.tomcat.GracefulShutdown - Graceful shutdown complete
2025-05-22 12:02:26.084 [SpringApplicationShutdownHook] INFO  com.zaxxer.hikari.HikariDataSource - HikariPool-1 - Shutdown initiated...
2025-05-22 12:02:26.084 [SpringApplicationShutdownHook] INFO  com.zaxxer.hikari.HikariDataSource - HikariPool-1 - Shutdown completed.
2025-05-22 12:02:29.614 [main] INFO  c.t.s.SpringBootWorkApplication - Starting SpringBootWorkApplication using Java 21.0.7 with PID 13548 (C:\Users\7119\IdeaProjects\springBootWork\target\classes started by 7119 in C:\Users\7119\IdeaProjects\springBootWork)
2025-05-22 12:02:29.614 [main] INFO  c.t.s.SpringBootWorkApplication - No active profile set, falling back to 1 default profile: "default"
2025-05-22 12:02:30.348 [main] INFO  o.s.b.w.e.tomcat.TomcatWebServer - Tomcat initialized with port 8099 (http)
2025-05-22 12:02:30.363 [main] INFO  o.a.coyote.http11.Http11NioProtocol - Initializing ProtocolHandler ["http-nio-8099"]
2025-05-22 12:02:30.363 [main] INFO  o.a.catalina.core.StandardService - Starting service [Tomcat]
2025-05-22 12:02:30.363 [main] INFO  o.a.catalina.core.StandardEngine - Starting Servlet engine: [Apache Tomcat/10.1.40]
2025-05-22 12:02:30.395 [main] INFO  o.a.c.c.C.[Tomcat].[localhost].[/] - Initializing Spring embedded WebApplicationContext
2025-05-22 12:02:30.395 [main] INFO  o.s.b.w.s.c.ServletWebServerApplicationContext - Root WebApplicationContext: initialization completed in 740 ms
2025-05-22 12:02:30.585 [main] INFO  com.zaxxer.hikari.HikariDataSource - HikariPool-1 - Starting...
2025-05-22 12:02:30.728 [main] INFO  com.zaxxer.hikari.pool.HikariPool - HikariPool-1 - Added connection conn0: url=jdbc:h2:mem:testdb user=SA
2025-05-22 12:02:30.728 [main] INFO  com.zaxxer.hikari.HikariDataSource - HikariPool-1 - Start completed.
2025-05-22 12:02:30.951 [main] INFO  o.s.b.a.h.H2ConsoleAutoConfiguration - H2 console available at '/h2-console'. Database available at 'jdbc:h2:mem:testdb'
2025-05-22 12:02:30.998 [main] INFO  o.a.coyote.http11.Http11NioProtocol - Starting ProtocolHandler ["http-nio-8099"]
2025-05-22 12:02:31.014 [main] INFO  o.s.b.w.e.tomcat.TomcatWebServer - Tomcat started on port 8099 (http) with context path '/'
2025-05-22 12:02:31.030 [main] INFO  c.t.s.SpringBootWorkApplication - Started SpringBootWorkApplication in 1.789 seconds (process running for 2.227)
2025-05-22 12:02:37.415 [http-nio-8099-exec-4] INFO  o.a.c.c.C.[Tomcat].[localhost].[/] - Initializing Spring DispatcherServlet 'dispatcherServlet'
2025-05-22 12:02:37.415 [http-nio-8099-exec-4] INFO  o.s.web.servlet.DispatcherServlet - Initializing Servlet 'dispatcherServlet'
2025-05-22 12:02:37.416 [http-nio-8099-exec-4] INFO  o.s.web.servlet.DispatcherServlet - Completed initialization in 1 ms
2025-05-22 12:04:01.567 [SpringApplicationShutdownHook] INFO  o.s.b.w.e.tomcat.GracefulShutdown - Commencing graceful shutdown. Waiting for active requests to complete
2025-05-22 12:04:01.567 [tomcat-shutdown] INFO  o.s.b.w.e.tomcat.GracefulShutdown - Graceful shutdown complete
2025-05-22 12:04:01.582 [SpringApplicationShutdownHook] INFO  com.zaxxer.hikari.HikariDataSource - HikariPool-1 - Shutdown initiated...
2025-05-22 12:04:01.582 [SpringApplicationShutdownHook] INFO  com.zaxxer.hikari.HikariDataSource - HikariPool-1 - Shutdown completed.
2025-05-22 12:04:05.092 [main] INFO  c.t.s.SpringBootWorkApplication - Starting SpringBootWorkApplication using Java 21.0.7 with PID 18460 (C:\Users\7119\IdeaProjects\springBootWork\target\classes started by 7119 in C:\Users\7119\IdeaProjects\springBootWork)
2025-05-22 12:04:05.092 [main] INFO  c.t.s.SpringBootWorkApplication - No active profile set, falling back to 1 default profile: "default"
2025-05-22 12:04:05.869 [main] INFO  o.s.b.w.e.tomcat.TomcatWebServer - Tomcat initialized with port 8099 (http)
2025-05-22 12:04:05.880 [main] INFO  o.a.coyote.http11.Http11NioProtocol - Initializing ProtocolHandler ["http-nio-8099"]
2025-05-22 12:04:05.881 [main] INFO  o.a.catalina.core.StandardService - Starting service [Tomcat]
2025-05-22 12:04:05.881 [main] INFO  o.a.catalina.core.StandardEngine - Starting Servlet engine: [Apache Tomcat/10.1.40]
2025-05-22 12:04:05.923 [main] INFO  o.a.c.c.C.[Tomcat].[localhost].[/] - Initializing Spring embedded WebApplicationContext
2025-05-22 12:04:05.924 [main] INFO  o.s.b.w.s.c.ServletWebServerApplicationContext - Root WebApplicationContext: initialization completed in 792 ms
2025-05-22 12:04:06.116 [main] INFO  com.zaxxer.hikari.HikariDataSource - HikariPool-1 - Starting...
2025-05-22 12:04:06.246 [main] INFO  com.zaxxer.hikari.pool.HikariPool - HikariPool-1 - Added connection conn0: url=jdbc:h2:mem:testdb user=SA
2025-05-22 12:04:06.248 [main] INFO  com.zaxxer.hikari.HikariDataSource - HikariPool-1 - Start completed.
2025-05-22 12:04:06.490 [main] INFO  o.s.b.a.h.H2ConsoleAutoConfiguration - H2 console available at '/h2-console'. Database available at 'jdbc:h2:mem:testdb'
2025-05-22 12:04:06.525 [main] INFO  o.a.coyote.http11.Http11NioProtocol - Starting ProtocolHandler ["http-nio-8099"]
2025-05-22 12:04:06.549 [main] INFO  o.s.b.w.e.tomcat.TomcatWebServer - Tomcat started on port 8099 (http) with context path '/'
2025-05-22 12:04:06.552 [main] INFO  c.t.s.SpringBootWorkApplication - Started SpringBootWorkApplication in 1.819 seconds (process running for 2.251)
2025-05-22 12:04:08.423 [http-nio-8099-exec-1] INFO  o.a.c.c.C.[Tomcat].[localhost].[/] - Initializing Spring DispatcherServlet 'dispatcherServlet'
2025-05-22 12:04:08.423 [http-nio-8099-exec-1] INFO  o.s.web.servlet.DispatcherServlet - Initializing Servlet 'dispatcherServlet'
2025-05-22 12:04:08.424 [http-nio-8099-exec-1] INFO  o.s.web.servlet.DispatcherServlet - Completed initialization in 1 ms
2025-05-22 12:13:09.691 [SpringApplicationShutdownHook] INFO  o.s.b.w.e.tomcat.GracefulShutdown - Commencing graceful shutdown. Waiting for active requests to complete
2025-05-22 12:13:09.691 [tomcat-shutdown] INFO  o.s.b.w.e.tomcat.GracefulShutdown - Graceful shutdown complete
2025-05-22 12:13:09.697 [SpringApplicationShutdownHook] INFO  com.zaxxer.hikari.HikariDataSource - HikariPool-1 - Shutdown initiated...
2025-05-22 12:13:09.697 [SpringApplicationShutdownHook] INFO  com.zaxxer.hikari.HikariDataSource - HikariPool-1 - Shutdown completed.
2025-05-22 12:13:13.346 [main] INFO  c.t.s.SpringBootWorkApplication - Starting SpringBootWorkApplication using Java 21.0.7 with PID 26444 (C:\Users\7119\IdeaProjects\springBootWork\target\classes started by 7119 in C:\Users\7119\IdeaProjects\springBootWork)
2025-05-22 12:13:13.346 [main] INFO  c.t.s.SpringBootWorkApplication - No active profile set, falling back to 1 default profile: "default"
2025-05-22 12:13:14.114 [main] INFO  o.s.b.w.e.tomcat.TomcatWebServer - Tomcat initialized with port 8099 (http)
2025-05-22 12:13:14.114 [main] INFO  o.a.coyote.http11.Http11NioProtocol - Initializing ProtocolHandler ["http-nio-8099"]
2025-05-22 12:13:14.114 [main] INFO  o.a.catalina.core.StandardService - Starting service [Tomcat]
2025-05-22 12:13:14.129 [main] INFO  o.a.catalina.core.StandardEngine - Starting Servlet engine: [Apache Tomcat/10.1.40]
2025-05-22 12:13:14.161 [main] INFO  o.a.c.c.C.[Tomcat].[localhost].[/] - Initializing Spring embedded WebApplicationContext
2025-05-22 12:13:14.161 [main] INFO  o.s.b.w.s.c.ServletWebServerApplicationContext - Root WebApplicationContext: initialization completed in 773 ms
2025-05-22 12:13:14.368 [main] INFO  com.zaxxer.hikari.HikariDataSource - HikariPool-1 - Starting...
2025-05-22 12:13:14.508 [main] INFO  com.zaxxer.hikari.pool.HikariPool - HikariPool-1 - Added connection conn0: url=jdbc:h2:mem:testdb user=SA
2025-05-22 12:13:14.508 [main] INFO  com.zaxxer.hikari.HikariDataSource - HikariPool-1 - Start completed.
2025-05-22 12:13:14.760 [main] INFO  o.s.b.a.h.H2ConsoleAutoConfiguration - H2 console available at '/h2-console'. Database available at 'jdbc:h2:mem:testdb'
2025-05-22 12:13:14.792 [main] INFO  o.a.coyote.http11.Http11NioProtocol - Starting ProtocolHandler ["http-nio-8099"]
2025-05-22 12:13:14.840 [main] INFO  o.s.b.w.e.tomcat.TomcatWebServer - Tomcat started on port 8099 (http) with context path '/'
2025-05-22 12:13:14.840 [main] INFO  c.t.s.SpringBootWorkApplication - Started SpringBootWorkApplication in 1.88 seconds (process running for 2.392)
2025-05-22 12:13:44.347 [http-nio-8099-exec-1] INFO  o.a.c.c.C.[Tomcat].[localhost].[/] - Initializing Spring DispatcherServlet 'dispatcherServlet'
2025-05-22 12:13:44.347 [http-nio-8099-exec-1] INFO  o.s.web.servlet.DispatcherServlet - Initializing Servlet 'dispatcherServlet'
2025-05-22 12:13:44.347 [http-nio-8099-exec-1] INFO  o.s.web.servlet.DispatcherServlet - Completed initialization in 0 ms
